mode: set
github.com/el-bulk/backend/db/db.go:24.13,29.6 2 1
github.com/el-bulk/backend/db/db.go:29.6,31.47 2 1
github.com/el-bulk/backend/db/db.go:31.47,33.9 2 1
github.com/el-bulk/backend/db/db.go:35.3,36.20 2 1
github.com/el-bulk/backend/db/db.go:36.20,37.9 1 0
github.com/el-bulk/backend/db/db.go:39.3,39.15 1 1
github.com/el-bulk/backend/db/db.go:43.25,48.16 5 0
github.com/el-bulk/backend/db/db.go:48.16,51.3 2 0
github.com/el-bulk/backend/db/db.go:52.2,53.11 2 0
github.com/el-bulk/backend/db/db.go:56.43,66.24 5 1
github.com/el-bulk/backend/db/db.go:66.24,70.41 3 0
github.com/el-bulk/backend/db/db.go:70.41,73.4 2 0
github.com/el-bulk/backend/db/db.go:76.3,77.17 2 0
github.com/el-bulk/backend/db/db.go:77.17,79.60 1 0
github.com/el-bulk/backend/db/db.go:79.60,81.5 1 0
github.com/el-bulk/backend/db/db.go:82.4,82.78 1 0
github.com/el-bulk/backend/db/db.go:84.3,92.16 5 0
github.com/el-bulk/backend/db/db.go:92.16,93.45 1 0
github.com/el-bulk/backend/db/db.go:93.45,96.25 3 0
github.com/el-bulk/backend/db/db.go:96.25,100.28 4 0
github.com/el-bulk/backend/db/db.go:100.28,102.7 1 0
github.com/el-bulk/backend/db/db.go:104.6,106.28 3 0
github.com/el-bulk/backend/db/db.go:106.28,108.7 1 0
github.com/el-bulk/backend/db/db.go:114.3,116.41 2 0
github.com/el-bulk/backend/db/db.go:116.41,118.21 2 0
github.com/el-bulk/backend/db/db.go:118.21,120.5 1 0
github.com/el-bulk/backend/db/db.go:124.4,127.52 3 0
github.com/el-bulk/backend/db/db.go:128.9,129.18 1 0
github.com/el-bulk/backend/db/db.go:129.18,131.5 1 0
github.com/el-bulk/backend/db/db.go:132.4,132.18 1 0
github.com/el-bulk/backend/db/db.go:132.18,134.5 1 0
github.com/el-bulk/backend/db/db.go:137.3,138.17 2 0
github.com/el-bulk/backend/db/db.go:138.17,140.4 1 0
github.com/el-bulk/backend/db/db.go:142.3,150.40 7 0
github.com/el-bulk/backend/db/db.go:150.40,152.4 1 0
github.com/el-bulk/backend/db/db.go:153.3,153.37 1 0
github.com/el-bulk/backend/db/db.go:153.37,155.4 1 0
github.com/el-bulk/backend/db/db.go:157.3,157.17 1 0
github.com/el-bulk/backend/db/db.go:160.2,160.15 1 1
github.com/el-bulk/backend/db/db.go:160.15,162.3 1 1
github.com/el-bulk/backend/db/db.go:165.2,166.20 2 1
github.com/el-bulk/backend/db/db.go:166.20,168.52 2 0
github.com/el-bulk/backend/db/db.go:168.52,170.4 1 0
github.com/el-bulk/backend/db/db.go:170.9,172.77 2 0
github.com/el-bulk/backend/db/db.go:172.77,174.5 1 0
github.com/el-bulk/backend/db/db.go:174.10,176.46 1 0
github.com/el-bulk/backend/db/db.go:176.46,177.36 1 0
github.com/el-bulk/backend/db/db.go:177.36,179.7 1 0
github.com/el-bulk/backend/db/db.go:179.12,181.7 1 0
github.com/el-bulk/backend/db/db.go:182.6,187.45 4 0
github.com/el-bulk/backend/db/db.go:187.45,193.7 5 0
github.com/el-bulk/backend/db/db.go:194.6,194.121 1 0
github.com/el-bulk/backend/db/db.go:200.2,201.16 2 1
github.com/el-bulk/backend/db/db.go:201.16,203.3 1 1
github.com/el-bulk/backend/db/db.go:205.2,216.39 8 0
github.com/el-bulk/backend/db/db.go:216.39,218.3 1 0
github.com/el-bulk/backend/db/db.go:221.2,221.36 1 0
github.com/el-bulk/backend/db/db.go:221.36,223.3 1 0
github.com/el-bulk/backend/db/db.go:225.2,225.16 1 0
github.com/el-bulk/backend/db/db.go:229.36,236.16 6 1
github.com/el-bulk/backend/db/db.go:236.16,237.25 1 1
github.com/el-bulk/backend/db/db.go:237.25,240.4 2 1
github.com/el-bulk/backend/db/db.go:241.3,241.13 1 0
github.com/el-bulk/backend/db/db.go:244.2,246.29 3 1
github.com/el-bulk/backend/db/db.go:246.29,248.38 2 1
github.com/el-bulk/backend/db/db.go:248.38,250.39 2 1
github.com/el-bulk/backend/db/db.go:250.39,252.5 1 1
github.com/el-bulk/backend/db/db.go:253.4,255.18 3 1
github.com/el-bulk/backend/db/db.go:255.18,257.5 1 0
github.com/el-bulk/backend/db/db.go:258.4,258.102 1 1
github.com/el-bulk/backend/db/db.go:261.2,262.12 2 1
github.com/el-bulk/backend/db/db.go:265.53,267.16 2 1
github.com/el-bulk/backend/db/db.go:267.16,269.3 1 0
github.com/el-bulk/backend/db/db.go:271.2,272.12 2 1
github.com/el-bulk/backend/db/db.go:275.33,280.16 5 1
github.com/el-bulk/backend/db/db.go:280.16,281.25 1 1
github.com/el-bulk/backend/db/db.go:281.25,284.4 2 1
github.com/el-bulk/backend/db/db.go:285.3,285.13 1 0
github.com/el-bulk/backend/db/db.go:288.2,290.16 3 1
github.com/el-bulk/backend/db/db.go:290.16,292.3 1 1
github.com/el-bulk/backend/db/db.go:294.2,295.31 2 1
github.com/el-bulk/backend/db/db.go:295.31,297.3 1 0
github.com/el-bulk/backend/db/db.go:299.2,300.26 2 1
github.com/el-bulk/backend/db/db.go:300.26,301.39 1 1
github.com/el-bulk/backend/db/db.go:301.39,302.28 1 1
github.com/el-bulk/backend/db/db.go:302.28,304.13 2 0
github.com/el-bulk/backend/db/db.go:307.4,312.18 5 1
github.com/el-bulk/backend/db/db.go:312.18,314.5 1 0
github.com/el-bulk/backend/db/db.go:316.4,316.53 1 1
github.com/el-bulk/backend/db/db.go:316.53,319.5 2 0
github.com/el-bulk/backend/db/db.go:321.4,321.103 1 1
github.com/el-bulk/backend/db/db.go:321.103,324.5 2 0
github.com/el-bulk/backend/db/db.go:326.4,326.38 1 1
github.com/el-bulk/backend/db/db.go:326.38,328.5 1 0
github.com/el-bulk/backend/db/db.go:330.4,331.11 2 1
github.com/el-bulk/backend/db/db.go:335.2,335.15 1 1
github.com/el-bulk/backend/db/db.go:335.15,337.3 1 1
github.com/el-bulk/backend/db/db.go:337.8,339.3 1 0
github.com/el-bulk/backend/db/db.go:340.2,340.12 1 1
github.com/el-bulk/backend/db/db.go:343.55,345.16 2 1
github.com/el-bulk/backend/db/db.go:345.16,347.3 1 0
github.com/el-bulk/backend/db/db.go:349.2,350.12 2 1
github.com/el-bulk/backend/db/db.go:353.46,354.38 1 0
github.com/el-bulk/backend/db/db.go:354.38,355.46 1 0
github.com/el-bulk/backend/db/db.go:355.46,357.4 1 0
github.com/el-bulk/backend/db/db.go:359.2,359.17 1 0
github.com/el-bulk/backend/external/pokemon.go:44.92,45.16 1 1
github.com/el-bulk/backend/external/pokemon.go:45.16,47.3 1 1
github.com/el-bulk/backend/external/pokemon.go:50.2,51.17 2 1
github.com/el-bulk/backend/external/pokemon.go:51.17,53.3 1 1
github.com/el-bulk/backend/external/pokemon.go:55.2,62.16 7 1
github.com/el-bulk/backend/external/pokemon.go:62.16,64.3 1 0
github.com/el-bulk/backend/external/pokemon.go:66.2,70.56 3 1
github.com/el-bulk/backend/external/pokemon.go:70.56,72.3 1 0
github.com/el-bulk/backend/external/pokemon.go:74.2,75.16 2 1
github.com/el-bulk/backend/external/pokemon.go:75.16,77.3 1 0
github.com/el-bulk/backend/external/pokemon.go:78.2,80.51 2 1
github.com/el-bulk/backend/external/pokemon.go:80.51,82.3 1 0
github.com/el-bulk/backend/external/pokemon.go:83.2,83.38 1 1
github.com/el-bulk/backend/external/pokemon.go:83.38,84.45 1 1
github.com/el-bulk/backend/external/pokemon.go:84.45,86.4 1 1
github.com/el-bulk/backend/external/pokemon.go:87.3,87.81 1 0
github.com/el-bulk/backend/external/pokemon.go:90.2,91.68 2 1
github.com/el-bulk/backend/external/pokemon.go:91.68,93.3 1 0
github.com/el-bulk/backend/external/pokemon.go:95.2,95.28 1 1
github.com/el-bulk/backend/external/pokemon.go:95.28,97.3 1 0
github.com/el-bulk/backend/external/pokemon.go:99.2,101.20 3 1
github.com/el-bulk/backend/external/pokemon.go:101.20,103.3 1 1
github.com/el-bulk/backend/external/pokemon.go:104.2,104.20 1 1
github.com/el-bulk/backend/external/pokemon.go:104.20,106.3 1 1
github.com/el-bulk/backend/external/pokemon.go:108.2,116.8 1 1
github.com/el-bulk/backend/external/scryfall.go:89.46,90.85 1 1
github.com/el-bulk/backend/external/scryfall.go:90.85,91.14 1 1
github.com/el-bulk/backend/external/scryfall.go:91.14,93.4 1 0
github.com/el-bulk/backend/external/scryfall.go:95.2,95.26 1 1
github.com/el-bulk/backend/external/scryfall.go:95.26,97.65 2 1
github.com/el-bulk/backend/external/scryfall.go:97.65,98.15 1 1
github.com/el-bulk/backend/external/scryfall.go:98.15,100.5 1 1
github.com/el-bulk/backend/external/scryfall.go:103.2,103.11 1 1
github.com/el-bulk/backend/external/scryfall.go:107.37,108.26 1 1
github.com/el-bulk/backend/external/scryfall.go:108.26,110.3 1 1
github.com/el-bulk/backend/external/scryfall.go:111.2,112.16 2 1
github.com/el-bulk/backend/external/scryfall.go:112.16,114.3 1 0
github.com/el-bulk/backend/external/scryfall.go:115.2,115.11 1 1
github.com/el-bulk/backend/external/scryfall.go:120.86,121.23 1 1
github.com/el-bulk/backend/external/scryfall.go:122.21,124.39 2 1
github.com/el-bulk/backend/external/scryfall.go:125.74,127.39 2 1
github.com/el-bulk/backend/external/scryfall.go:128.10,130.35 2 1
github.com/el-bulk/backend/external/scryfall.go:132.2,132.8 1 1
github.com/el-bulk/backend/external/scryfall.go:141.134,142.80 1 1
github.com/el-bulk/backend/external/scryfall.go:142.80,144.3 1 1
github.com/el-bulk/backend/external/scryfall.go:147.2,147.22 1 1
github.com/el-bulk/backend/external/scryfall.go:147.22,149.17 2 1
github.com/el-bulk/backend/external/scryfall.go:149.17,151.4 1 1
github.com/el-bulk/backend/external/scryfall.go:155.2,155.44 1 1
github.com/el-bulk/backend/external/scryfall.go:155.44,157.17 2 1
github.com/el-bulk/backend/external/scryfall.go:157.17,159.4 1 1
github.com/el-bulk/backend/external/scryfall.go:163.2,163.33 1 1
github.com/el-bulk/backend/external/scryfall.go:163.33,168.17 5 1
github.com/el-bulk/backend/external/scryfall.go:168.17,170.4 1 0
github.com/el-bulk/backend/external/scryfall.go:174.2,174.33 1 1
github.com/el-bulk/backend/external/scryfall.go:174.33,179.17 5 1
github.com/el-bulk/backend/external/scryfall.go:179.17,181.4 1 0
github.com/el-bulk/backend/external/scryfall.go:185.2,185.16 1 1
github.com/el-bulk/backend/external/scryfall.go:185.16,189.3 3 1
github.com/el-bulk/backend/external/scryfall.go:191.2,191.42 1 0
github.com/el-bulk/backend/external/scryfall.go:195.104,196.27 1 1
github.com/el-bulk/backend/external/scryfall.go:196.27,198.3 1 1
github.com/el-bulk/backend/external/scryfall.go:200.2,202.16 3 1
github.com/el-bulk/backend/external/scryfall.go:202.16,204.3 1 0
github.com/el-bulk/backend/external/scryfall.go:205.2,210.16 5 1
github.com/el-bulk/backend/external/scryfall.go:210.16,212.3 1 0
github.com/el-bulk/backend/external/scryfall.go:213.2,215.38 2 1
github.com/el-bulk/backend/external/scryfall.go:215.38,217.3 1 0
github.com/el-bulk/backend/external/scryfall.go:219.2,220.70 2 1
github.com/el-bulk/backend/external/scryfall.go:220.70,222.3 1 0
github.com/el-bulk/backend/external/scryfall.go:224.2,225.38 2 1
github.com/el-bulk/backend/external/scryfall.go:225.38,229.3 1 1
github.com/el-bulk/backend/external/scryfall.go:231.2,231.21 1 1
github.com/el-bulk/backend/external/scryfall.go:234.103,236.16 2 1
github.com/el-bulk/backend/external/scryfall.go:236.16,238.3 1 0
github.com/el-bulk/backend/external/scryfall.go:239.2,245.16 5 1
github.com/el-bulk/backend/external/scryfall.go:245.16,247.3 1 0
github.com/el-bulk/backend/external/scryfall.go:248.2,250.38 2 1
github.com/el-bulk/backend/external/scryfall.go:250.38,251.45 1 1
github.com/el-bulk/backend/external/scryfall.go:251.45,253.4 1 1
github.com/el-bulk/backend/external/scryfall.go:254.3,254.64 1 1
github.com/el-bulk/backend/external/scryfall.go:257.2,258.65 2 1
github.com/el-bulk/backend/external/scryfall.go:258.65,260.3 1 1
github.com/el-bulk/backend/external/scryfall.go:262.2,262.55 1 1
github.com/el-bulk/backend/external/scryfall.go:265.86,270.33 4 1
github.com/el-bulk/backend/external/scryfall.go:270.33,273.3 2 1
github.com/el-bulk/backend/external/scryfall.go:273.8,276.3 2 1
github.com/el-bulk/backend/external/scryfall.go:278.2,283.20 5 1
github.com/el-bulk/backend/external/scryfall.go:283.20,286.3 2 0
github.com/el-bulk/backend/external/scryfall.go:288.2,292.45 4 1
github.com/el-bulk/backend/external/scryfall.go:292.45,294.36 2 1
github.com/el-bulk/backend/external/scryfall.go:294.36,295.26 1 1
github.com/el-bulk/backend/external/scryfall.go:295.26,297.5 1 1
github.com/el-bulk/backend/external/scryfall.go:298.4,298.22 1 1
github.com/el-bulk/backend/external/scryfall.go:298.22,300.5 1 0
github.com/el-bulk/backend/external/scryfall.go:301.4,301.24 1 1
github.com/el-bulk/backend/external/scryfall.go:301.24,303.5 1 0
github.com/el-bulk/backend/external/scryfall.go:305.3,307.42 3 1
github.com/el-bulk/backend/external/scryfall.go:310.2,311.30 2 1
github.com/el-bulk/backend/external/scryfall.go:311.30,314.3 2 0
github.com/el-bulk/backend/external/scryfall.go:316.2,347.3 1 1
github.com/el-bulk/backend/external/scryfall.go:350.55,351.14 1 1
github.com/el-bulk/backend/external/scryfall.go:351.14,353.3 1 1
github.com/el-bulk/backend/external/scryfall.go:354.2,355.22 2 0
github.com/el-bulk/backend/external/scryfall.go:355.22,357.3 1 0
github.com/el-bulk/backend/external/scryfall.go:358.2,358.12 1 0
github.com/el-bulk/backend/external/scryfall.go:361.68,362.43 1 1
github.com/el-bulk/backend/external/scryfall.go:362.43,363.17 1 0
github.com/el-bulk/backend/external/scryfall.go:364.19,365.35 1 0
github.com/el-bulk/backend/external/scryfall.go:366.22,367.38 1 0
github.com/el-bulk/backend/external/scryfall.go:368.17,369.33 1 0
github.com/el-bulk/backend/external/scryfall.go:372.2,372.38 1 1
github.com/el-bulk/backend/external/scryfall.go:372.38,374.3 1 0
github.com/el-bulk/backend/external/scryfall.go:375.2,375.18 1 1
github.com/el-bulk/backend/external/scryfall.go:375.18,377.3 1 0
github.com/el-bulk/backend/external/scryfall.go:378.2,378.19 1 1
github.com/el-bulk/backend/external/scryfall.go:378.19,380.3 1 0
github.com/el-bulk/backend/external/scryfall.go:381.2,381.31 1 1
github.com/el-bulk/backend/external/scryfall.go:384.90,390.34 5 1
github.com/el-bulk/backend/external/scryfall.go:390.34,391.12 1 0
github.com/el-bulk/backend/external/scryfall.go:392.15,393.18 1 0
github.com/el-bulk/backend/external/scryfall.go:394.18,395.21 1 0
github.com/el-bulk/backend/external/scryfall.go:396.17,397.20 1 0
github.com/el-bulk/backend/external/scryfall.go:398.17,399.20 1 0
github.com/el-bulk/backend/external/scryfall.go:404.2,404.13 1 1
github.com/el-bulk/backend/external/scryfall.go:404.13,405.38 1 0
github.com/el-bulk/backend/external/scryfall.go:405.38,406.14 1 0
github.com/el-bulk/backend/external/scryfall.go:407.22,408.33 1 0
github.com/el-bulk/backend/external/scryfall.go:409.21,410.32 1 0
github.com/el-bulk/backend/external/scryfall.go:411.24,412.35 1 0
github.com/el-bulk/backend/external/scryfall.go:413.20,414.35 1 0
github.com/el-bulk/backend/external/scryfall.go:415.27,416.38 1 0
github.com/el-bulk/backend/external/scryfall.go:417.20,418.31 1 0
github.com/el-bulk/backend/external/scryfall.go:419.19,420.30 1 0
github.com/el-bulk/backend/external/scryfall.go:421.22,422.33 1 0
github.com/el-bulk/backend/external/scryfall.go:428.2,428.25 1 1
github.com/el-bulk/backend/external/scryfall.go:428.25,435.59 2 1
github.com/el-bulk/backend/external/scryfall.go:435.59,437.4 1 0
github.com/el-bulk/backend/external/scryfall.go:439.3,439.85 1 1
github.com/el-bulk/backend/external/scryfall.go:439.85,441.4 1 0
github.com/el-bulk/backend/external/scryfall.go:445.2,445.15 1 1
github.com/el-bulk/backend/external/scryfall.go:445.15,447.3 1 0
github.com/el-bulk/backend/external/scryfall.go:448.2,448.15 1 1
github.com/el-bulk/backend/external/scryfall.go:448.15,450.3 1 0
github.com/el-bulk/backend/external/scryfall.go:452.2,452.16 1 1
github.com/el-bulk/backend/external/scryfall.go:452.16,454.3 1 0
github.com/el-bulk/backend/external/scryfall.go:455.2,455.13 1 1
github.com/el-bulk/backend/external/scryfall.go:455.13,457.3 1 0
github.com/el-bulk/backend/external/scryfall.go:459.2,459.27 1 1
github.com/el-bulk/backend/external/scryfall.go:514.76,523.16 6 0
github.com/el-bulk/backend/external/scryfall.go:523.16,525.3 1 0
github.com/el-bulk/backend/external/scryfall.go:526.2,529.69 3 0
github.com/el-bulk/backend/external/scryfall.go:529.69,531.3 1 0
github.com/el-bulk/backend/external/scryfall.go:533.2,534.33 2 0
github.com/el-bulk/backend/external/scryfall.go:534.33,535.35 1 0
github.com/el-bulk/backend/external/scryfall.go:535.35,537.9 2 0
github.com/el-bulk/backend/external/scryfall.go:540.2,540.23 1 0
github.com/el-bulk/backend/external/scryfall.go:540.23,542.3 1 0
github.com/el-bulk/backend/external/scryfall.go:545.2,549.16 4 0
github.com/el-bulk/backend/external/scryfall.go:549.16,551.3 1 0
github.com/el-bulk/backend/external/scryfall.go:552.2,559.43 4 0
github.com/el-bulk/backend/external/scryfall.go:559.43,561.3 1 0
github.com/el-bulk/backend/external/scryfall.go:563.2,563.21 1 0
github.com/el-bulk/backend/external/scryfall.go:563.21,565.47 2 0
github.com/el-bulk/backend/external/scryfall.go:565.47,567.12 1 0
github.com/el-bulk/backend/external/scryfall.go:570.3,595.30 5 0
github.com/el-bulk/backend/external/scryfall.go:595.30,598.31 3 0
github.com/el-bulk/backend/external/scryfall.go:598.31,599.13 1 0
github.com/el-bulk/backend/external/scryfall.go:603.4,611.69 5 0
github.com/el-bulk/backend/external/scryfall.go:615.2,615.22 1 0
github.com/el-bulk/backend/external/scryfall.go:631.60,633.16 2 0
github.com/el-bulk/backend/external/scryfall.go:633.16,635.3 1 0
github.com/el-bulk/backend/external/scryfall.go:636.2,640.16 4 0
github.com/el-bulk/backend/external/scryfall.go:640.16,642.3 1 0
github.com/el-bulk/backend/external/scryfall.go:643.2,645.38 2 0
github.com/el-bulk/backend/external/scryfall.go:645.38,647.3 1 0
github.com/el-bulk/backend/external/scryfall.go:649.2,650.69 2 0
github.com/el-bulk/backend/external/scryfall.go:650.69,652.3 1 0
github.com/el-bulk/backend/external/scryfall.go:654.2,654.27 1 0
github.com/el-bulk/backend/utils/render/render.go:9.55,12.2 2 1
github.com/el-bulk/backend/utils/render/render.go:15.57,19.2 3 1
github.com/el-bulk/backend/utils/render/render.go:22.62,26.2 3 1
github.com/el-bulk/backend/utils/logger/logger.go:33.32,34.11 1 1
github.com/el-bulk/backend/utils/logger/logger.go:35.13,36.17 1 1
github.com/el-bulk/backend/utils/logger/logger.go:37.13,38.17 1 1
github.com/el-bulk/backend/utils/logger/logger.go:39.12,40.16 1 1
github.com/el-bulk/backend/utils/logger/logger.go:41.12,42.16 1 1
github.com/el-bulk/backend/utils/logger/logger.go:43.13,44.17 1 1
github.com/el-bulk/backend/utils/logger/logger.go:45.11,46.15 1 1
github.com/el-bulk/backend/utils/logger/logger.go:47.10,48.19 1 1
github.com/el-bulk/backend/utils/logger/logger.go:53.31,54.11 1 1
github.com/el-bulk/backend/utils/logger/logger.go:55.13,56.20 1 1
github.com/el-bulk/backend/utils/logger/logger.go:57.13,58.20 1 1
github.com/el-bulk/backend/utils/logger/logger.go:59.12,60.20 1 1
github.com/el-bulk/backend/utils/logger/logger.go:61.12,62.20 1 1
github.com/el-bulk/backend/utils/logger/logger.go:63.13,64.20 1 1
github.com/el-bulk/backend/utils/logger/logger.go:65.10,66.19 1 1
github.com/el-bulk/backend/utils/logger/logger.go:71.33,72.47 1 0
github.com/el-bulk/backend/utils/logger/logger.go:73.15,74.15 1 0
github.com/el-bulk/backend/utils/logger/logger.go:75.15,76.15 1 0
github.com/el-bulk/backend/utils/logger/logger.go:77.14,78.14 1 0
github.com/el-bulk/backend/utils/logger/logger.go:79.14,80.14 1 0
github.com/el-bulk/backend/utils/logger/logger.go:81.15,82.15 1 0
github.com/el-bulk/backend/utils/logger/logger.go:83.13,84.13 1 0
github.com/el-bulk/backend/utils/logger/logger.go:85.10,86.14 1 0
github.com/el-bulk/backend/utils/logger/logger.go:101.31,107.2 1 1
github.com/el-bulk/backend/utils/logger/logger.go:110.40,114.2 3 1
github.com/el-bulk/backend/utils/logger/logger.go:117.35,121.2 3 1
github.com/el-bulk/backend/utils/logger/logger.go:124.40,128.2 3 1
github.com/el-bulk/backend/utils/logger/logger.go:131.34,136.53 2 1
github.com/el-bulk/backend/utils/logger/logger.go:136.53,141.21 5 1
github.com/el-bulk/backend/utils/logger/logger.go:141.21,143.4 1 1
github.com/el-bulk/backend/utils/logger/logger.go:144.3,144.16 1 1
github.com/el-bulk/backend/utils/logger/logger.go:149.89,155.49 5 1
github.com/el-bulk/backend/utils/logger/logger.go:155.49,157.3 1 1
github.com/el-bulk/backend/utils/logger/logger.go:159.2,161.12 2 1
github.com/el-bulk/backend/utils/logger/logger.go:161.12,164.16 2 1
github.com/el-bulk/backend/utils/logger/logger.go:165.21,166.22 1 0
github.com/el-bulk/backend/utils/logger/logger.go:167.13,168.21 1 1
github.com/el-bulk/backend/utils/logger/logger.go:169.13,170.24 1 1
github.com/el-bulk/backend/utils/logger/logger.go:171.14,172.22 1 0
github.com/el-bulk/backend/utils/logger/logger.go:176.3,183.17 2 1
github.com/el-bulk/backend/utils/logger/logger.go:183.17,184.72 1 1
github.com/el-bulk/backend/utils/logger/logger.go:184.72,185.26 1 1
github.com/el-bulk/backend/utils/logger/logger.go:185.26,187.6 1 1
github.com/el-bulk/backend/utils/logger/logger.go:187.11,190.6 1 0
github.com/el-bulk/backend/utils/logger/logger.go:194.3,196.9 3 1
github.com/el-bulk/backend/utils/logger/logger.go:199.2,204.34 3 1
github.com/el-bulk/backend/utils/logger/logger.go:204.34,206.3 1 0
github.com/el-bulk/backend/utils/logger/logger.go:208.2,208.13 1 1
github.com/el-bulk/backend/utils/logger/logger.go:208.13,210.3 1 1
github.com/el-bulk/backend/utils/logger/logger.go:212.2,212.71 1 1
github.com/el-bulk/backend/utils/logger/logger.go:216.57,216.109 1 0
github.com/el-bulk/backend/utils/logger/logger.go:219.57,219.109 1 1
github.com/el-bulk/backend/utils/logger/logger.go:222.56,222.107 1 1
github.com/el-bulk/backend/utils/logger/logger.go:225.56,225.107 1 1
github.com/el-bulk/backend/utils/logger/logger.go:228.57,228.109 1 1
github.com/el-bulk/backend/utils/logger/logger.go:231.81,231.116 1 0
github.com/el-bulk/backend/utils/logger/logger.go:234.81,234.116 1 0
github.com/el-bulk/backend/utils/logger/logger.go:237.80,237.114 1 1
github.com/el-bulk/backend/utils/logger/logger.go:240.80,240.114 1 0
github.com/el-bulk/backend/utils/logger/logger.go:243.81,243.116 1 0
github.com/el-bulk/backend/utils/logger/logger.go:249.28,249.55 1 0
github.com/el-bulk/backend/utils/logger/logger.go:252.28,252.56 1 0
github.com/el-bulk/backend/utils/logger/logger.go:255.22,255.49 1 0
github.com/el-bulk/backend/utils/logger/logger.go:258.45,258.76 1 0
github.com/el-bulk/backend/utils/logger/logger.go:261.45,261.76 1 1
github.com/el-bulk/backend/utils/logger/logger.go:264.44,264.74 1 1
github.com/el-bulk/backend/utils/logger/logger.go:267.44,267.74 1 1
github.com/el-bulk/backend/utils/logger/logger.go:270.45,270.76 1 1
github.com/el-bulk/backend/utils/logger/logger.go:273.69,273.108 1 0
github.com/el-bulk/backend/utils/logger/logger.go:276.69,276.108 1 0
github.com/el-bulk/backend/utils/logger/logger.go:279.68,279.106 1 0
github.com/el-bulk/backend/utils/logger/logger.go:282.68,282.106 1 0
github.com/el-bulk/backend/utils/logger/logger.go:285.69,285.108 1 0
github.com/el-bulk/backend/utils/logger/logger.go:288.52,289.71 1 0
github.com/el-bulk/backend/utils/logger/logger.go:289.71,295.24 4 0
github.com/el-bulk/backend/utils/logger/logger.go:295.24,297.22 2 0
github.com/el-bulk/backend/utils/logger/logger.go:297.22,299.5 1 0
github.com/el-bulk/backend/utils/logger/logger.go:303.3,313.23 6 0
github.com/el-bulk/backend/utils/logger/logger.go:313.23,315.4 1 0
github.com/el-bulk/backend/utils/logger/logger.go:315.9,315.30 1 0
github.com/el-bulk/backend/utils/logger/logger.go:315.30,317.4 1 0
github.com/el-bulk/backend/utils/logger/logger.go:317.9,319.4 1 0
github.com/el-bulk/backend/utils/logger/logger.go:324.48,325.71 1 0
github.com/el-bulk/backend/utils/logger/logger.go:325.71,326.16 1 0
github.com/el-bulk/backend/utils/logger/logger.go:326.16,327.36 1 0
github.com/el-bulk/backend/utils/logger/logger.go:327.36,328.36 1 0
github.com/el-bulk/backend/utils/logger/logger.go:328.36,329.16 1 0
github.com/el-bulk/backend/utils/logger/logger.go:333.5,335.48 2 0
github.com/el-bulk/backend/utils/logger/logger.go:335.48,337.6 1 0
github.com/el-bulk/backend/utils/logger/logger.go:341.3,341.23 1 0
github.com/el-bulk/backend/utils/logger/logger.go:350.54,353.2 2 0
github.com/el-bulk/backend/models/models.go:13.46,14.14 1 0
github.com/el-bulk/backend/models/models.go:14.14,16.3 1 0
github.com/el-bulk/backend/models/models.go:17.2,17.24 1 0
github.com/el-bulk/backend/models/models.go:20.47,21.18 1 0
github.com/el-bulk/backend/models/models.go:21.18,24.3 2 0
github.com/el-bulk/backend/models/models.go:25.2,26.9 2 0
github.com/el-bulk/backend/models/models.go:26.9,28.3 1 0
github.com/el-bulk/backend/models/models.go:29.2,29.30 1 0
github.com/el-bulk/backend/models/models.go:161.68,162.31 1 1
github.com/el-bulk/backend/models/models.go:162.31,164.3 1 1
github.com/el-bulk/backend/models/models.go:165.2,165.29 1 1
github.com/el-bulk/backend/models/models.go:165.29,166.24 1 1
github.com/el-bulk/backend/models/models.go:167.29,168.39 1 1
github.com/el-bulk/backend/models/models.go:169.30,170.39 1 1
github.com/el-bulk/backend/models/models.go:173.2,173.10 1 1
github.com/el-bulk/backend/models/models.go:496.45,496.73 1 0
github.com/el-bulk/backend/models/translation.go:17.97,20.16 3 1
github.com/el-bulk/backend/models/translation.go:20.16,22.3 1 1
github.com/el-bulk/backend/models/translation.go:23.2,27.18 3 1
github.com/el-bulk/backend/models/translation.go:27.18,29.58 2 1
github.com/el-bulk/backend/models/translation.go:29.58,31.4 1 0
github.com/el-bulk/backend/models/translation.go:32.3,32.41 1 1
github.com/el-bulk/backend/models/translation.go:32.41,34.4 1 1
github.com/el-bulk/backend/models/translation.go:35.3,35.36 1 1
github.com/el-bulk/backend/models/translation.go:37.2,37.26 1 1
github.com/el-bulk/backend/models/translation.go:40.106,43.16 3 1
github.com/el-bulk/backend/models/translation.go:43.16,45.3 1 1
github.com/el-bulk/backend/models/translation.go:46.2,49.18 3 1
github.com/el-bulk/backend/models/translation.go:49.18,51.49 2 1
github.com/el-bulk/backend/models/translation.go:51.49,53.4 1 0
github.com/el-bulk/backend/models/translation.go:54.3,54.28 1 1
github.com/el-bulk/backend/models/translation.go:56.2,56.26 1 1
github.com/el-bulk/backend/models/translation.go:59.79,68.2 3 1
github.com/el-bulk/backend/models/translation.go:70.84,74.2 3 1
github.com/el-bulk/backend/models/translation.go:76.86,79.16 3 1
github.com/el-bulk/backend/models/translation.go:79.16,81.3 1 1
github.com/el-bulk/backend/models/translation.go:82.2,85.18 3 1
github.com/el-bulk/backend/models/translation.go:85.18,87.78 2 1
github.com/el-bulk/backend/models/translation.go:87.78,89.4 1 0
github.com/el-bulk/backend/models/translation.go:90.3,90.41 1 1
github.com/el-bulk/backend/models/translation.go:92.2,92.26 1 1
github.com/el-bulk/backend/models/translation.go:95.74,99.2 3 0
github.com/el-bulk/backend/utils/cache/cache.go:18.66,22.26 2 1
github.com/el-bulk/backend/utils/cache/cache.go:22.26,24.3 1 1
github.com/el-bulk/backend/utils/cache/cache.go:25.2,25.11 1 1
github.com/el-bulk/backend/utils/cache/cache.go:28.66,35.2 3 1
github.com/el-bulk/backend/utils/cache/cache.go:37.48,41.9 4 1
github.com/el-bulk/backend/utils/cache/cache.go:41.9,44.3 2 1
github.com/el-bulk/backend/utils/cache/cache.go:45.2,45.43 1 1
github.com/el-bulk/backend/utils/cache/cache.go:45.43,48.3 2 0
github.com/el-bulk/backend/utils/cache/cache.go:49.2,49.23 1 1
github.com/el-bulk/backend/utils/cache/cache.go:52.41,56.2 3 1
github.com/el-bulk/backend/utils/cache/cache.go:58.30,62.2 3 1
github.com/el-bulk/backend/utils/cache/cache.go:64.60,66.21 2 1
github.com/el-bulk/backend/utils/cache/cache.go:66.21,69.30 3 1
github.com/el-bulk/backend/utils/cache/cache.go:69.30,70.26 1 1
github.com/el-bulk/backend/utils/cache/cache.go:70.26,72.5 1 1
github.com/el-bulk/backend/utils/cache/cache.go:74.3,74.14 1 1
github.com/el-bulk/backend/middleware/auth.go:18.48,19.71 1 1
github.com/el-bulk/backend/middleware/auth.go:19.71,21.71 1 1
github.com/el-bulk/backend/middleware/auth.go:21.71,22.60 1 1
github.com/el-bulk/backend/middleware/auth.go:22.60,25.5 2 1
github.com/el-bulk/backend/middleware/auth.go:28.3,30.17 3 1
github.com/el-bulk/backend/middleware/auth.go:30.17,33.4 2 0
github.com/el-bulk/backend/middleware/auth.go:33.9,36.68 3 1
github.com/el-bulk/backend/middleware/auth.go:36.68,38.5 1 1
github.com/el-bulk/backend/middleware/auth.go:41.3,41.21 1 1
github.com/el-bulk/backend/middleware/auth.go:41.21,45.4 3 1
github.com/el-bulk/backend/middleware/auth.go:46.3,47.19 2 1
github.com/el-bulk/backend/middleware/auth.go:47.19,50.4 2 1
github.com/el-bulk/backend/middleware/auth.go:52.3,52.81 1 1
github.com/el-bulk/backend/middleware/auth.go:52.81,53.59 1 1
github.com/el-bulk/backend/middleware/auth.go:53.59,55.5 1 0
github.com/el-bulk/backend/middleware/auth.go:56.4,56.30 1 1
github.com/el-bulk/backend/middleware/auth.go:59.3,59.33 1 1
github.com/el-bulk/backend/middleware/auth.go:59.33,62.4 2 1
github.com/el-bulk/backend/middleware/auth.go:64.3,65.10 2 1
github.com/el-bulk/backend/middleware/auth.go:65.10,68.4 2 0
github.com/el-bulk/backend/middleware/auth.go:70.3,71.10 2 1
github.com/el-bulk/backend/middleware/auth.go:71.10,74.4 2 0
github.com/el-bulk/backend/middleware/auth.go:76.3,78.40 3 1
github.com/el-bulk/backend/middleware/cors.go:9.43,10.71 1 1
github.com/el-bulk/backend/middleware/cors.go:10.71,12.19 2 1
github.com/el-bulk/backend/middleware/cors.go:12.19,14.4 1 0
github.com/el-bulk/backend/middleware/cors.go:17.3,21.26 4 1
github.com/el-bulk/backend/middleware/cors.go:21.26,22.37 1 1
github.com/el-bulk/backend/middleware/cors.go:22.37,23.46 1 1
github.com/el-bulk/backend/middleware/cors.go:23.46,25.11 2 1
github.com/el-bulk/backend/middleware/cors.go:30.4,30.56 1 1
github.com/el-bulk/backend/middleware/cors.go:30.56,34.60 1 1
github.com/el-bulk/backend/middleware/cors.go:34.60,36.6 1 1
github.com/el-bulk/backend/middleware/cors.go:40.3,40.37 1 1
github.com/el-bulk/backend/middleware/cors.go:40.37,42.4 1 1
github.com/el-bulk/backend/middleware/cors.go:44.3,48.37 4 1
github.com/el-bulk/backend/middleware/cors.go:48.37,51.4 2 1
github.com/el-bulk/backend/middleware/cors.go:53.3,53.23 1 1
github.com/el-bulk/backend/middleware/ratelimit.go:26.81,28.12 1 1
github.com/el-bulk/backend/middleware/ratelimit.go:28.12,29.7 1 1
github.com/el-bulk/backend/middleware/ratelimit.go:29.7,32.31 3 1
github.com/el-bulk/backend/middleware/ratelimit.go:32.31,33.40 1 1
github.com/el-bulk/backend/middleware/ratelimit.go:33.40,35.6 1 1
github.com/el-bulk/backend/middleware/ratelimit.go:37.4,37.15 1 1
github.com/el-bulk/backend/middleware/ratelimit.go:41.2,41.46 1 1
github.com/el-bulk/backend/middleware/ratelimit.go:41.46,42.72 1 1
github.com/el-bulk/backend/middleware/ratelimit.go:42.72,46.16 2 1
github.com/el-bulk/backend/middleware/ratelimit.go:46.16,47.58 1 1
github.com/el-bulk/backend/middleware/ratelimit.go:47.58,50.6 2 0
github.com/el-bulk/backend/middleware/ratelimit.go:52.4,52.16 1 1
github.com/el-bulk/backend/middleware/ratelimit.go:52.16,54.5 1 1
github.com/el-bulk/backend/middleware/ratelimit.go:56.4,58.15 3 1
github.com/el-bulk/backend/middleware/ratelimit.go:58.15,63.5 4 1
github.com/el-bulk/backend/middleware/ratelimit.go:65.4,65.39 1 1
github.com/el-bulk/backend/middleware/ratelimit.go:65.39,71.5 5 0
github.com/el-bulk/backend/middleware/ratelimit.go:73.4,73.24 1 1
github.com/el-bulk/backend/middleware/ratelimit.go:73.24,79.5 5 1
github.com/el-bulk/backend/middleware/ratelimit.go:81.4,85.24 4 1
github.com/el-bulk/backend/middleware/security.go:11.54,12.71 1 1
github.com/el-bulk/backend/middleware/security.go:12.71,27.44 6 1
github.com/el-bulk/backend/middleware/security.go:27.44,29.4 1 1
github.com/el-bulk/backend/middleware/security.go:37.3,48.23 3 1
github.com/el-bulk/backend/middleware/user_auth.go:17.55,18.71 1 0
github.com/el-bulk/backend/middleware/user_auth.go:18.71,20.17 2 0
github.com/el-bulk/backend/middleware/user_auth.go:20.17,27.4 2 0
github.com/el-bulk/backend/middleware/user_auth.go:29.3,32.77 3 0
github.com/el-bulk/backend/middleware/user_auth.go:32.77,33.54 1 0
github.com/el-bulk/backend/middleware/user_auth.go:33.54,35.4 1 0
github.com/el-bulk/backend/middleware/user_auth.go:36.3,36.29 1 0
github.com/el-bulk/backend/middleware/user_auth.go:39.3,39.33 1 0
github.com/el-bulk/backend/middleware/user_auth.go:39.33,44.4 3 0
github.com/el-bulk/backend/middleware/user_auth.go:46.3,47.33 2 0
github.com/el-bulk/backend/middleware/user_auth.go:47.33,51.4 3 0
github.com/el-bulk/backend/middleware/user_auth.go:53.3,53.23 1 0
github.com/el-bulk/backend/middleware/user_auth.go:58.54,59.71 1 1
github.com/el-bulk/backend/middleware/user_auth.go:59.71,61.71 1 1
github.com/el-bulk/backend/middleware/user_auth.go:61.71,62.60 1 1
github.com/el-bulk/backend/middleware/user_auth.go:62.60,65.5 2 1
github.com/el-bulk/backend/middleware/user_auth.go:68.3,69.17 2 1
github.com/el-bulk/backend/middleware/user_auth.go:69.17,72.4 2 1
github.com/el-bulk/backend/middleware/user_auth.go:74.3,77.77 3 1
github.com/el-bulk/backend/middleware/user_auth.go:77.77,78.54 1 1
github.com/el-bulk/backend/middleware/user_auth.go:78.54,80.4 1 0
github.com/el-bulk/backend/middleware/user_auth.go:81.3,81.29 1 1
github.com/el-bulk/backend/middleware/user_auth.go:84.3,84.33 1 1
github.com/el-bulk/backend/middleware/user_auth.go:84.33,88.4 3 0
github.com/el-bulk/backend/middleware/user_auth.go:90.3,91.34 2 1
github.com/el-bulk/backend/middleware/user_auth.go:91.34,94.4 2 0
github.com/el-bulk/backend/middleware/user_auth.go:96.3,97.40 2 1
github.com/el-bulk/backend/handlers/accounting.go:20.89,22.2 1 0
github.com/el-bulk/backend/handlers/accounting.go:24.79,46.21 5 0
github.com/el-bulk/backend/handlers/accounting.go:46.21,49.3 2 0
github.com/el-bulk/backend/handlers/accounting.go:50.2,50.19 1 0
github.com/el-bulk/backend/handlers/accounting.go:50.19,53.3 2 0
github.com/el-bulk/backend/handlers/accounting.go:56.2,70.21 2 0
github.com/el-bulk/backend/handlers/accounting.go:70.21,73.3 2 0
github.com/el-bulk/backend/handlers/accounting.go:74.2,74.19 1 0
github.com/el-bulk/backend/handlers/accounting.go:74.19,77.3 2 0
github.com/el-bulk/backend/handlers/accounting.go:80.2,93.21 2 0
github.com/el-bulk/backend/handlers/accounting.go:93.21,96.3 2 0
github.com/el-bulk/backend/handlers/accounting.go:97.2,97.19 1 0
github.com/el-bulk/backend/handlers/accounting.go:97.19,100.3 2 0
github.com/el-bulk/backend/handlers/accounting.go:103.2,130.21 2 0
github.com/el-bulk/backend/handlers/accounting.go:130.21,133.3 2 0
github.com/el-bulk/backend/handlers/accounting.go:134.2,134.19 1 0
github.com/el-bulk/backend/handlers/accounting.go:134.19,137.3 2 0
github.com/el-bulk/backend/handlers/accounting.go:140.2,165.16 5 0
github.com/el-bulk/backend/handlers/accounting.go:165.16,169.3 3 0
github.com/el-bulk/backend/handlers/accounting.go:172.2,173.38 2 0
github.com/el-bulk/backend/handlers/accounting.go:173.38,175.3 1 0
github.com/el-bulk/backend/handlers/accounting.go:175.8,175.28 1 0
github.com/el-bulk/backend/handlers/accounting.go:175.28,177.3 1 0
github.com/el-bulk/backend/handlers/accounting.go:177.8,177.26 1 0
github.com/el-bulk/backend/handlers/accounting.go:177.26,179.3 1 0
github.com/el-bulk/backend/handlers/accounting.go:181.2,191.27 6 0
github.com/el-bulk/backend/handlers/accounting.go:191.27,201.3 1 0
github.com/el-bulk/backend/handlers/accounting.go:204.91,206.16 2 0
github.com/el-bulk/backend/handlers/accounting.go:206.16,210.3 3 0
github.com/el-bulk/backend/handlers/accounting.go:212.2,212.30 1 0
github.com/el-bulk/backend/handlers/admin.go:29.90,34.2 1 1
github.com/el-bulk/backend/handlers/admin.go:37.70,43.61 3 1
github.com/el-bulk/backend/handlers/admin.go:43.61,47.3 3 1
github.com/el-bulk/backend/handlers/admin.go:49.2,50.16 2 1
github.com/el-bulk/backend/handlers/admin.go:50.16,52.47 1 1
github.com/el-bulk/backend/handlers/admin.go:52.47,54.4 1 0
github.com/el-bulk/backend/handlers/admin.go:54.9,56.4 1 1
github.com/el-bulk/backend/handlers/admin.go:57.3,58.9 2 1
github.com/el-bulk/backend/handlers/admin.go:61.2,61.31 1 1
github.com/el-bulk/backend/handlers/admin.go:61.31,64.3 2 0
github.com/el-bulk/backend/handlers/admin.go:66.2,66.105 1 1
github.com/el-bulk/backend/handlers/admin.go:66.105,69.3 2 1
github.com/el-bulk/backend/handlers/admin.go:71.2,72.18 2 1
github.com/el-bulk/backend/handlers/admin.go:72.18,75.3 2 1
github.com/el-bulk/backend/handlers/admin.go:77.2,85.16 4 1
github.com/el-bulk/backend/handlers/admin.go:85.16,89.3 3 0
github.com/el-bulk/backend/handlers/admin.go:91.2,106.4 3 1
github.com/el-bulk/backend/handlers/admin.go:110.71,124.2 4 0
github.com/el-bulk/backend/handlers/admin.go:127.76,132.2 2 0
github.com/el-bulk/backend/handlers/admin.go:135.79,139.61 2 0
github.com/el-bulk/backend/handlers/admin.go:139.61,142.3 2 0
github.com/el-bulk/backend/handlers/admin.go:144.2,151.4 4 0
github.com/el-bulk/backend/handlers/admin.go:155.78,159.51 3 0
github.com/el-bulk/backend/handlers/admin.go:159.51,160.56 1 0
github.com/el-bulk/backend/handlers/admin.go:160.56,162.4 1 0
github.com/el-bulk/backend/handlers/admin.go:165.2,170.16 5 0
github.com/el-bulk/backend/handlers/admin.go:170.16,174.3 3 0
github.com/el-bulk/backend/handlers/admin.go:176.2,181.4 1 0
github.com/el-bulk/backend/handlers/admin.go:185.76,187.20 2 0
github.com/el-bulk/backend/handlers/admin.go:187.20,189.3 1 0
github.com/el-bulk/backend/handlers/admin.go:190.2,191.24 2 0
github.com/el-bulk/backend/handlers/admin.go:191.24,193.3 1 0
github.com/el-bulk/backend/handlers/admin.go:195.2,208.56 4 0
github.com/el-bulk/backend/handlers/admin.go:212.79,214.41 2 0
github.com/el-bulk/backend/handlers/admin.go:214.41,217.3 2 0
github.com/el-bulk/backend/handlers/admin.go:219.2,220.20 2 0
github.com/el-bulk/backend/handlers/admin.go:220.20,222.3 1 0
github.com/el-bulk/backend/handlers/admin.go:223.2,224.24 2 0
github.com/el-bulk/backend/handlers/admin.go:224.24,226.3 1 0
github.com/el-bulk/backend/handlers/admin.go:228.2,237.16 4 0
github.com/el-bulk/backend/handlers/admin.go:237.16,241.3 3 0
github.com/el-bulk/backend/handlers/admin.go:243.2,245.16 3 0
github.com/el-bulk/backend/handlers/admin.go:245.16,249.3 3 0
github.com/el-bulk/backend/handlers/admin.go:250.2,257.66 3 0
github.com/el-bulk/backend/handlers/admin.go:257.66,261.3 3 0
github.com/el-bulk/backend/handlers/admin.go:264.2,265.21 2 0
github.com/el-bulk/backend/handlers/admin.go:265.21,267.3 1 0
github.com/el-bulk/backend/handlers/admin.go:268.2,270.34 3 0
github.com/el-bulk/backend/handlers/admin.go:270.34,271.42 1 0
github.com/el-bulk/backend/handlers/admin.go:271.42,273.9 2 0
github.com/el-bulk/backend/handlers/admin.go:277.2,277.14 1 0
github.com/el-bulk/backend/handlers/admin.go:277.14,281.3 3 0
github.com/el-bulk/backend/handlers/admin.go:284.2,285.16 2 0
github.com/el-bulk/backend/handlers/admin.go:285.16,286.27 1 0
github.com/el-bulk/backend/handlers/admin.go:286.27,295.18 4 0
github.com/el-bulk/backend/handlers/admin.go:295.18,299.5 3 0
github.com/el-bulk/backend/handlers/admin.go:300.4,300.112 1 0
github.com/el-bulk/backend/handlers/admin.go:301.9,305.4 3 0
github.com/el-bulk/backend/handlers/admin.go:309.2,330.88 7 0
github.com/el-bulk/backend/handlers/bounty_handlers.go:20.64,22.2 1 1
github.com/el-bulk/backend/handlers/bounty_handlers.go:26.70,30.16 4 1
github.com/el-bulk/backend/handlers/bounty_handlers.go:30.16,34.3 3 0
github.com/el-bulk/backend/handlers/bounty_handlers.go:35.2,35.29 1 1
github.com/el-bulk/backend/handlers/bounty_handlers.go:38.72,41.46 3 1
github.com/el-bulk/backend/handlers/bounty_handlers.go:41.46,45.3 3 0
github.com/el-bulk/backend/handlers/bounty_handlers.go:47.2,48.16 2 1
github.com/el-bulk/backend/handlers/bounty_handlers.go:48.16,52.3 3 1
github.com/el-bulk/backend/handlers/bounty_handlers.go:54.2,55.27 2 1
github.com/el-bulk/backend/handlers/bounty_handlers.go:58.72,62.46 4 1
github.com/el-bulk/backend/handlers/bounty_handlers.go:62.46,66.3 3 0
github.com/el-bulk/backend/handlers/bounty_handlers.go:68.2,69.16 2 1
github.com/el-bulk/backend/handlers/bounty_handlers.go:69.16,70.27 1 0
github.com/el-bulk/backend/handlers/bounty_handlers.go:70.27,73.4 2 0
github.com/el-bulk/backend/handlers/bounty_handlers.go:74.3,76.9 3 0
github.com/el-bulk/backend/handlers/bounty_handlers.go:79.2,79.27 1 1
github.com/el-bulk/backend/handlers/bounty_handlers.go:82.72,86.16 4 1
github.com/el-bulk/backend/handlers/bounty_handlers.go:86.16,90.3 3 0
github.com/el-bulk/backend/handlers/bounty_handlers.go:92.2,92.16 1 1
github.com/el-bulk/backend/handlers/bounty_handlers.go:92.16,95.3 2 0
github.com/el-bulk/backend/handlers/bounty_handlers.go:97.2,97.37 1 1
github.com/el-bulk/backend/handlers/bounty_handlers.go:102.76,105.16 3 1
github.com/el-bulk/backend/handlers/bounty_handlers.go:105.16,109.3 3 0
github.com/el-bulk/backend/handlers/bounty_handlers.go:110.2,110.27 1 1
github.com/el-bulk/backend/handlers/bounty_handlers.go:113.77,116.46 3 1
github.com/el-bulk/backend/handlers/bounty_handlers.go:116.46,120.3 3 0
github.com/el-bulk/backend/handlers/bounty_handlers.go:122.2,123.69 2 1
github.com/el-bulk/backend/handlers/bounty_handlers.go:123.69,125.3 1 0
github.com/el-bulk/backend/handlers/bounty_handlers.go:127.2,128.16 2 1
github.com/el-bulk/backend/handlers/bounty_handlers.go:128.16,132.3 3 0
github.com/el-bulk/backend/handlers/bounty_handlers.go:134.2,135.26 2 1
github.com/el-bulk/backend/handlers/bounty_handlers.go:138.83,142.46 4 1
github.com/el-bulk/backend/handlers/bounty_handlers.go:142.46,146.3 3 0
github.com/el-bulk/backend/handlers/bounty_handlers.go:148.2,149.34 2 1
github.com/el-bulk/backend/handlers/bounty_handlers.go:149.34,152.3 2 0
github.com/el-bulk/backend/handlers/bounty_handlers.go:154.2,155.16 2 1
github.com/el-bulk/backend/handlers/bounty_handlers.go:155.16,159.3 3 0
github.com/el-bulk/backend/handlers/bounty_handlers.go:161.2,161.26 1 1
github.com/el-bulk/backend/handlers/bounty_handlers.go:166.78,169.16 3 1
github.com/el-bulk/backend/handlers/bounty_handlers.go:169.16,173.3 3 0
github.com/el-bulk/backend/handlers/bounty_handlers.go:174.2,174.29 1 1
github.com/el-bulk/backend/handlers/bounty_handlers.go:177.79,180.46 3 1
github.com/el-bulk/backend/handlers/bounty_handlers.go:180.46,184.3 3 0
github.com/el-bulk/backend/handlers/bounty_handlers.go:186.2,187.69 2 1
github.com/el-bulk/backend/handlers/bounty_handlers.go:187.69,189.3 1 0
github.com/el-bulk/backend/handlers/bounty_handlers.go:191.2,192.16 2 1
github.com/el-bulk/backend/handlers/bounty_handlers.go:192.16,196.3 3 0
github.com/el-bulk/backend/handlers/bounty_handlers.go:198.2,199.24 2 1
github.com/el-bulk/backend/handlers/bounty_handlers.go:202.85,206.46 4 1
github.com/el-bulk/backend/handlers/bounty_handlers.go:206.46,210.3 3 0
github.com/el-bulk/backend/handlers/bounty_handlers.go:212.2,213.34 2 1
github.com/el-bulk/backend/handlers/bounty_handlers.go:213.34,216.3 2 0
github.com/el-bulk/backend/handlers/bounty_handlers.go:218.2,219.16 2 1
github.com/el-bulk/backend/handlers/bounty_handlers.go:219.16,220.27 1 0
github.com/el-bulk/backend/handlers/bounty_handlers.go:220.27,223.4 2 0
github.com/el-bulk/backend/handlers/bounty_handlers.go:224.3,226.9 3 0
github.com/el-bulk/backend/handlers/bounty_handlers.go:229.2,229.24 1 1
github.com/el-bulk/backend/handlers/bounty_handlers.go:234.78,237.25 3 0
github.com/el-bulk/backend/handlers/bounty_handlers.go:237.25,240.3 2 0
github.com/el-bulk/backend/handlers/bounty_handlers.go:242.2,243.16 2 0
github.com/el-bulk/backend/handlers/bounty_handlers.go:243.16,247.3 3 0
github.com/el-bulk/backend/handlers/bounty_handlers.go:248.2,248.27 1 0
github.com/el-bulk/backend/handlers/bounty_handlers.go:251.79,254.25 3 0
github.com/el-bulk/backend/handlers/bounty_handlers.go:254.25,257.3 2 0
github.com/el-bulk/backend/handlers/bounty_handlers.go:259.2,260.73 2 0
github.com/el-bulk/backend/handlers/bounty_handlers.go:260.73,264.3 3 0
github.com/el-bulk/backend/handlers/bounty_handlers.go:265.2,265.37 1 0
github.com/el-bulk/backend/handlers/bounty_handlers.go:268.80,271.25 3 0
github.com/el-bulk/backend/handlers/bounty_handlers.go:271.25,274.3 2 0
github.com/el-bulk/backend/handlers/bounty_handlers.go:276.2,277.16 2 0
github.com/el-bulk/backend/handlers/bounty_handlers.go:277.16,281.3 3 0
github.com/el-bulk/backend/handlers/bounty_handlers.go:282.2,282.29 1 0
github.com/el-bulk/backend/handlers/bounty_handlers.go:285.81,288.25 3 0
github.com/el-bulk/backend/handlers/bounty_handlers.go:288.25,291.3 2 0
github.com/el-bulk/backend/handlers/bounty_handlers.go:293.2,294.75 2 0
github.com/el-bulk/backend/handlers/bounty_handlers.go:294.75,298.3 3 0
github.com/el-bulk/backend/handlers/bounty_handlers.go:299.2,299.37 1 0
github.com/el-bulk/backend/handlers/bounty_handlers.go:303.55,305.2 1 1
github.com/el-bulk/backend/handlers/categories.go:22.74,24.2 1 1
github.com/el-bulk/backend/handlers/categories.go:27.74,31.16 4 1
github.com/el-bulk/backend/handlers/categories.go:31.16,34.3 2 0
github.com/el-bulk/backend/handlers/categories.go:35.2,35.31 1 1
github.com/el-bulk/backend/handlers/categories.go:38.39,43.2 4 1
github.com/el-bulk/backend/handlers/categories.go:46.76,49.63 3 1
github.com/el-bulk/backend/handlers/categories.go:49.63,53.3 3 0
github.com/el-bulk/backend/handlers/categories.go:54.2,54.22 1 1
github.com/el-bulk/backend/handlers/categories.go:54.22,57.3 2 0
github.com/el-bulk/backend/handlers/categories.go:59.2,59.22 1 1
github.com/el-bulk/backend/handlers/categories.go:59.22,61.3 1 1
github.com/el-bulk/backend/handlers/categories.go:63.2,65.16 2 1
github.com/el-bulk/backend/handlers/categories.go:65.16,67.57 1 1
github.com/el-bulk/backend/handlers/categories.go:67.57,70.4 2 0
github.com/el-bulk/backend/handlers/categories.go:71.3,72.9 2 1
github.com/el-bulk/backend/handlers/categories.go:75.2,76.24 2 1
github.com/el-bulk/backend/handlers/categories.go:80.76,84.63 4 1
github.com/el-bulk/backend/handlers/categories.go:84.63,88.3 3 0
github.com/el-bulk/backend/handlers/categories.go:90.2,91.16 2 1
github.com/el-bulk/backend/handlers/categories.go:91.16,93.3 1 1
github.com/el-bulk/backend/handlers/categories.go:95.2,99.27 4 1
github.com/el-bulk/backend/handlers/categories.go:99.27,101.3 1 0
github.com/el-bulk/backend/handlers/categories.go:102.2,102.28 1 1
github.com/el-bulk/backend/handlers/categories.go:102.28,104.3 1 0
github.com/el-bulk/backend/handlers/categories.go:105.2,105.29 1 1
github.com/el-bulk/backend/handlers/categories.go:105.29,107.3 1 0
github.com/el-bulk/backend/handlers/categories.go:108.2,108.26 1 1
github.com/el-bulk/backend/handlers/categories.go:108.26,110.3 1 0
github.com/el-bulk/backend/handlers/categories.go:111.2,111.28 1 1
github.com/el-bulk/backend/handlers/categories.go:111.28,113.3 1 0
github.com/el-bulk/backend/handlers/categories.go:114.2,114.23 1 1
github.com/el-bulk/backend/handlers/categories.go:114.23,116.3 1 0
github.com/el-bulk/backend/handlers/categories.go:118.2,120.26 2 1
github.com/el-bulk/backend/handlers/categories.go:120.26,123.3 2 0
github.com/el-bulk/backend/handlers/categories.go:123.8,123.23 1 1
github.com/el-bulk/backend/handlers/categories.go:123.23,124.57 1 1
github.com/el-bulk/backend/handlers/categories.go:124.57,127.4 2 0
github.com/el-bulk/backend/handlers/categories.go:128.3,129.9 2 1
github.com/el-bulk/backend/handlers/categories.go:132.2,132.24 1 1
github.com/el-bulk/backend/handlers/categories.go:136.76,140.16 4 1
github.com/el-bulk/backend/handlers/categories.go:140.16,141.39 1 1
github.com/el-bulk/backend/handlers/categories.go:141.39,144.4 2 0
github.com/el-bulk/backend/handlers/categories.go:145.3,146.9 2 1
github.com/el-bulk/backend/handlers/categories.go:149.2,149.69 1 1
github.com/el-bulk/backend/handlers/customer_admin_handlers.go:20.86,37.16 4 1
github.com/el-bulk/backend/handlers/customer_admin_handlers.go:37.16,41.3 3 0
github.com/el-bulk/backend/handlers/customer_admin_handlers.go:43.2,43.22 1 1
github.com/el-bulk/backend/handlers/customer_admin_handlers.go:43.22,45.3 1 0
github.com/el-bulk/backend/handlers/customer_admin_handlers.go:48.2,48.27 1 1
github.com/el-bulk/backend/handlers/customer_admin_handlers.go:48.27,52.3 3 1
github.com/el-bulk/backend/handlers/customer_admin_handlers.go:54.2,54.30 1 1
github.com/el-bulk/backend/handlers/customer_admin_handlers.go:57.90,60.14 3 1
github.com/el-bulk/backend/handlers/customer_admin_handlers.go:60.14,63.3 2 0
github.com/el-bulk/backend/handlers/customer_admin_handlers.go:65.2,67.16 3 1
github.com/el-bulk/backend/handlers/customer_admin_handlers.go:67.16,71.3 3 1
github.com/el-bulk/backend/handlers/customer_admin_handlers.go:74.2,80.16 5 1
github.com/el-bulk/backend/handlers/customer_admin_handlers.go:80.16,84.3 3 0
github.com/el-bulk/backend/handlers/customer_admin_handlers.go:87.2,94.16 2 1
github.com/el-bulk/backend/handlers/customer_admin_handlers.go:94.16,98.3 3 0
github.com/el-bulk/backend/handlers/customer_admin_handlers.go:101.2,105.16 3 1
github.com/el-bulk/backend/handlers/customer_admin_handlers.go:105.16,107.3 1 0
github.com/el-bulk/backend/handlers/customer_admin_handlers.go:110.2,117.16 2 1
github.com/el-bulk/backend/handlers/customer_admin_handlers.go:117.16,119.3 1 0
github.com/el-bulk/backend/handlers/customer_admin_handlers.go:121.2,121.26 1 1
github.com/el-bulk/backend/handlers/customer_admin_handlers.go:121.26,123.3 1 1
github.com/el-bulk/backend/handlers/customer_admin_handlers.go:124.2,124.25 1 1
github.com/el-bulk/backend/handlers/customer_admin_handlers.go:124.25,126.3 1 1
github.com/el-bulk/backend/handlers/customer_admin_handlers.go:127.2,127.28 1 1
github.com/el-bulk/backend/handlers/customer_admin_handlers.go:127.28,129.3 1 1
github.com/el-bulk/backend/handlers/customer_admin_handlers.go:130.2,130.26 1 1
github.com/el-bulk/backend/handlers/customer_admin_handlers.go:130.26,132.3 1 1
github.com/el-bulk/backend/handlers/customer_admin_handlers.go:134.2,134.27 1 1
github.com/el-bulk/backend/handlers/customer_admin_handlers.go:137.80,140.14 3 1
github.com/el-bulk/backend/handlers/customer_admin_handlers.go:140.14,143.3 2 0
github.com/el-bulk/backend/handlers/customer_admin_handlers.go:145.2,149.63 2 1
github.com/el-bulk/backend/handlers/customer_admin_handlers.go:149.63,152.3 2 0
github.com/el-bulk/backend/handlers/customer_admin_handlers.go:154.2,154.25 1 1
github.com/el-bulk/backend/handlers/customer_admin_handlers.go:154.25,157.3 2 0
github.com/el-bulk/backend/handlers/customer_admin_handlers.go:160.2,167.16 3 1
github.com/el-bulk/backend/handlers/customer_admin_handlers.go:167.16,171.3 3 0
github.com/el-bulk/backend/handlers/customer_admin_handlers.go:173.2,174.76 2 1
github.com/el-bulk/backend/handlers/health.go:16.64,18.2 1 1
github.com/el-bulk/backend/handlers/health.go:20.70,22.30 2 1
github.com/el-bulk/backend/handlers/health.go:22.30,26.3 3 1
github.com/el-bulk/backend/handlers/health.go:28.2,29.16 2 1
github.com/el-bulk/backend/handlers/health.go:29.16,33.3 3 1
github.com/el-bulk/backend/handlers/health.go:34.2,34.62 1 1
github.com/el-bulk/backend/handlers/health.go:37.74,39.30 2 1
github.com/el-bulk/backend/handlers/health.go:39.30,42.3 2 1
github.com/el-bulk/backend/handlers/health.go:44.2,45.16 2 1
github.com/el-bulk/backend/handlers/health.go:45.16,49.3 3 0
github.com/el-bulk/backend/handlers/health.go:51.2,51.34 1 1
github.com/el-bulk/backend/handlers/logs.go:18.34,20.2 1 1
github.com/el-bulk/backend/handlers/logs.go:22.70,24.61 2 1
github.com/el-bulk/backend/handlers/logs.go:24.61,27.3 2 1
github.com/el-bulk/backend/handlers/logs.go:30.2,31.26 2 1
github.com/el-bulk/backend/handlers/logs.go:31.26,34.3 2 1
github.com/el-bulk/backend/handlers/logs.go:36.2,37.19 2 1
github.com/el-bulk/backend/handlers/logs.go:38.15,39.70 1 0
github.com/el-bulk/backend/handlers/logs.go:40.15,41.70 1 0
github.com/el-bulk/backend/handlers/logs.go:42.14,43.69 1 1
github.com/el-bulk/backend/handlers/logs.go:44.14,45.69 1 0
github.com/el-bulk/backend/handlers/logs.go:46.15,47.70 1 1
github.com/el-bulk/backend/handlers/logs.go:48.10,49.85 1 1
github.com/el-bulk/backend/handlers/logs.go:52.2,52.37 1 1
github.com/el-bulk/backend/handlers/lookup.go:15.40,17.2 1 1
github.com/el-bulk/backend/handlers/lookup.go:20.69,28.29 7 1
github.com/el-bulk/backend/handlers/lookup.go:28.29,31.3 2 1
github.com/el-bulk/backend/handlers/lookup.go:33.2,34.16 2 1
github.com/el-bulk/backend/handlers/lookup.go:34.16,36.38 2 1
github.com/el-bulk/backend/handlers/lookup.go:36.38,39.4 2 1
github.com/el-bulk/backend/handlers/lookup.go:40.3,41.9 2 0
github.com/el-bulk/backend/handlers/lookup.go:44.2,44.27 1 1
github.com/el-bulk/backend/handlers/lookup.go:48.74,53.63 3 1
github.com/el-bulk/backend/handlers/lookup.go:53.63,57.3 3 1
github.com/el-bulk/backend/handlers/lookup.go:59.2,60.16 2 1
github.com/el-bulk/backend/handlers/lookup.go:60.16,64.3 3 0
github.com/el-bulk/backend/handlers/lookup.go:66.2,66.28 1 1
github.com/el-bulk/backend/handlers/lookup.go:71.73,76.16 4 1
github.com/el-bulk/backend/handlers/lookup.go:76.16,79.3 2 1
github.com/el-bulk/backend/handlers/lookup.go:81.2,82.16 2 1
github.com/el-bulk/backend/handlers/lookup.go:82.16,84.38 2 1
github.com/el-bulk/backend/handlers/lookup.go:84.38,87.4 2 1
github.com/el-bulk/backend/handlers/lookup.go:88.3,89.9 2 1
github.com/el-bulk/backend/handlers/lookup.go:92.2,92.27 1 1
github.com/el-bulk/backend/handlers/newsletter_handlers.go:16.76,18.2 1 1
github.com/el-bulk/backend/handlers/newsletter_handlers.go:20.79,25.63 3 1
github.com/el-bulk/backend/handlers/newsletter_handlers.go:25.63,28.3 2 0
github.com/el-bulk/backend/handlers/newsletter_handlers.go:30.2,30.23 1 1
github.com/el-bulk/backend/handlers/newsletter_handlers.go:30.23,33.3 2 0
github.com/el-bulk/backend/handlers/newsletter_handlers.go:35.2,36.16 2 1
github.com/el-bulk/backend/handlers/newsletter_handlers.go:36.16,40.3 3 0
github.com/el-bulk/backend/handlers/newsletter_handlers.go:42.2,42.33 1 1
github.com/el-bulk/backend/handlers/newsletter_handlers.go:42.33,45.3 2 1
github.com/el-bulk/backend/handlers/newsletter_handlers.go:47.2,48.54 2 1
github.com/el-bulk/backend/handlers/newsletter_handlers.go:51.89,54.16 3 1
github.com/el-bulk/backend/handlers/newsletter_handlers.go:54.16,58.3 3 0
github.com/el-bulk/backend/handlers/newsletter_handlers.go:59.2,59.32 1 1
github.com/el-bulk/backend/handlers/newsletter_handlers.go:62.81,67.63 3 1
github.com/el-bulk/backend/handlers/newsletter_handlers.go:67.63,70.3 2 0
github.com/el-bulk/backend/handlers/newsletter_handlers.go:72.2,72.72 1 1
github.com/el-bulk/backend/handlers/newsletter_handlers.go:72.72,76.3 3 0
github.com/el-bulk/backend/handlers/newsletter_handlers.go:78.2,78.78 1 1
github.com/el-bulk/backend/handlers/notice_handlers.go:20.64,22.2 1 1
github.com/el-bulk/backend/handlers/notice_handlers.go:25.70,30.20 5 0
github.com/el-bulk/backend/handlers/notice_handlers.go:30.20,32.3 1 0
github.com/el-bulk/backend/handlers/notice_handlers.go:34.2,35.16 2 0
github.com/el-bulk/backend/handlers/notice_handlers.go:35.16,39.3 3 0
github.com/el-bulk/backend/handlers/notice_handlers.go:41.2,41.28 1 0
github.com/el-bulk/backend/handlers/notice_handlers.go:45.75,50.16 4 0
github.com/el-bulk/backend/handlers/notice_handlers.go:50.16,53.3 2 0
github.com/el-bulk/backend/handlers/notice_handlers.go:55.2,55.27 1 0
github.com/el-bulk/backend/handlers/notice_handlers.go:59.75,63.16 3 1
github.com/el-bulk/backend/handlers/notice_handlers.go:63.16,67.3 3 1
github.com/el-bulk/backend/handlers/notice_handlers.go:68.2,68.28 1 1
github.com/el-bulk/backend/handlers/notice_handlers.go:72.72,75.63 3 1
github.com/el-bulk/backend/handlers/notice_handlers.go:75.63,79.3 3 1
github.com/el-bulk/backend/handlers/notice_handlers.go:81.2,81.50 1 1
github.com/el-bulk/backend/handlers/notice_handlers.go:81.50,84.3 2 0
github.com/el-bulk/backend/handlers/notice_handlers.go:86.2,87.16 2 1
github.com/el-bulk/backend/handlers/notice_handlers.go:87.16,91.3 3 0
github.com/el-bulk/backend/handlers/notice_handlers.go:93.2,93.24 1 1
github.com/el-bulk/backend/handlers/notice_handlers.go:97.72,100.42 3 1
github.com/el-bulk/backend/handlers/notice_handlers.go:100.42,103.3 2 1
github.com/el-bulk/backend/handlers/notice_handlers.go:105.2,106.63 2 1
github.com/el-bulk/backend/handlers/notice_handlers.go:106.63,110.3 3 0
github.com/el-bulk/backend/handlers/notice_handlers.go:112.2,113.16 2 1
github.com/el-bulk/backend/handlers/notice_handlers.go:113.16,117.3 3 0
github.com/el-bulk/backend/handlers/notice_handlers.go:119.2,119.24 1 1
github.com/el-bulk/backend/handlers/notice_handlers.go:123.72,126.42 3 1
github.com/el-bulk/backend/handlers/notice_handlers.go:126.42,129.3 2 1
github.com/el-bulk/backend/handlers/notice_handlers.go:131.2,131.58 1 1
github.com/el-bulk/backend/handlers/notice_handlers.go:131.58,135.3 3 0
github.com/el-bulk/backend/handlers/notice_handlers.go:137.2,137.67 1 1
github.com/el-bulk/backend/handlers/orders.go:24.61,26.2 1 1
github.com/el-bulk/backend/handlers/orders.go:31.71,34.63 3 1
github.com/el-bulk/backend/handlers/orders.go:34.63,38.3 3 0
github.com/el-bulk/backend/handlers/orders.go:41.2,41.77 1 1
github.com/el-bulk/backend/handlers/orders.go:41.77,44.3 2 1
github.com/el-bulk/backend/handlers/orders.go:45.2,45.27 1 1
github.com/el-bulk/backend/handlers/orders.go:45.27,48.3 2 0
github.com/el-bulk/backend/handlers/orders.go:50.2,51.68 2 1
github.com/el-bulk/backend/handlers/orders.go:51.68,53.3 1 0
github.com/el-bulk/backend/handlers/orders.go:55.2,56.16 2 1
github.com/el-bulk/backend/handlers/orders.go:56.16,60.3 3 1
github.com/el-bulk/backend/handlers/orders.go:62.2,68.4 2 1
github.com/el-bulk/backend/handlers/orders.go:72.69,81.18 7 1
github.com/el-bulk/backend/handlers/orders.go:81.18,83.3 1 0
github.com/el-bulk/backend/handlers/orders.go:84.2,84.18 1 1
github.com/el-bulk/backend/handlers/orders.go:84.18,87.3 2 0
github.com/el-bulk/backend/handlers/orders.go:89.2,92.16 3 1
github.com/el-bulk/backend/handlers/orders.go:92.16,96.3 3 0
github.com/el-bulk/backend/handlers/orders.go:98.2,103.4 1 1
github.com/el-bulk/backend/handlers/orders.go:107.74,112.16 4 1
github.com/el-bulk/backend/handlers/orders.go:112.16,116.3 3 1
github.com/el-bulk/backend/handlers/orders.go:118.2,118.27 1 1
github.com/el-bulk/backend/handlers/orders.go:125.71,130.63 4 1
github.com/el-bulk/backend/handlers/orders.go:130.63,134.3 3 0
github.com/el-bulk/backend/handlers/orders.go:136.2,136.70 1 1
github.com/el-bulk/backend/handlers/orders.go:136.70,140.3 3 1
github.com/el-bulk/backend/handlers/orders.go:142.2,142.19 1 1
github.com/el-bulk/backend/handlers/orders.go:146.72,151.63 4 1
github.com/el-bulk/backend/handlers/orders.go:151.63,155.3 3 0
github.com/el-bulk/backend/handlers/orders.go:157.2,157.82 1 1
github.com/el-bulk/backend/handlers/orders.go:157.82,163.45 5 1
github.com/el-bulk/backend/handlers/orders.go:163.45,165.4 1 1
github.com/el-bulk/backend/handlers/orders.go:165.9,165.64 1 1
github.com/el-bulk/backend/handlers/orders.go:165.64,168.4 2 0
github.com/el-bulk/backend/handlers/orders.go:169.3,170.9 2 1
github.com/el-bulk/backend/handlers/orders.go:173.2,173.19 1 1
github.com/el-bulk/backend/handlers/orders.go:177.77,184.63 4 1
github.com/el-bulk/backend/handlers/orders.go:184.63,188.3 3 0
github.com/el-bulk/backend/handlers/orders.go:190.2,190.82 1 1
github.com/el-bulk/backend/handlers/orders.go:190.82,194.3 3 1
github.com/el-bulk/backend/handlers/orders.go:196.2,196.19 1 1
github.com/el-bulk/backend/handlers/orders.go:200.71,203.25 3 0
github.com/el-bulk/backend/handlers/orders.go:203.25,206.3 2 0
github.com/el-bulk/backend/handlers/orders.go:208.2,209.16 2 0
github.com/el-bulk/backend/handlers/orders.go:209.16,213.3 3 0
github.com/el-bulk/backend/handlers/orders.go:215.2,215.27 1 0
github.com/el-bulk/backend/handlers/orders.go:219.76,222.25 3 1
github.com/el-bulk/backend/handlers/orders.go:222.25,225.3 2 0
github.com/el-bulk/backend/handlers/orders.go:227.2,230.16 3 1
github.com/el-bulk/backend/handlers/orders.go:230.16,233.3 2 0
github.com/el-bulk/backend/handlers/orders.go:236.2,236.39 1 1
github.com/el-bulk/backend/handlers/orders.go:236.39,239.3 2 0
github.com/el-bulk/backend/handlers/orders.go:241.2,241.27 1 1
github.com/el-bulk/backend/handlers/orders.go:245.73,248.25 3 1
github.com/el-bulk/backend/handlers/orders.go:248.25,251.3 2 0
github.com/el-bulk/backend/handlers/orders.go:253.2,255.68 2 1
github.com/el-bulk/backend/handlers/orders.go:255.68,259.3 3 0
github.com/el-bulk/backend/handlers/orders.go:261.2,261.21 1 1
github.com/el-bulk/backend/handlers/products.go:28.80,30.2 1 1
github.com/el-bulk/backend/handlers/products.go:32.71,39.13 6 1
github.com/el-bulk/backend/handlers/products.go:39.13,41.3 1 0
github.com/el-bulk/backend/handlers/products.go:42.2,67.16 4 1
github.com/el-bulk/backend/handlers/products.go:67.16,71.3 3 0
github.com/el-bulk/backend/handlers/products.go:73.2,74.25 2 1
github.com/el-bulk/backend/handlers/products.go:77.74,83.16 5 1
github.com/el-bulk/backend/handlers/products.go:83.16,87.3 3 1
github.com/el-bulk/backend/handlers/products.go:89.2,89.28 1 1
github.com/el-bulk/backend/handlers/products.go:92.75,95.16 3 1
github.com/el-bulk/backend/handlers/products.go:95.16,99.3 3 1
github.com/el-bulk/backend/handlers/products.go:100.2,100.57 1 0
github.com/el-bulk/backend/handlers/products.go:103.73,106.63 3 1
github.com/el-bulk/backend/handlers/products.go:106.63,110.3 3 0
github.com/el-bulk/backend/handlers/products.go:112.2,112.65 1 1
github.com/el-bulk/backend/handlers/products.go:112.65,115.3 2 0
github.com/el-bulk/backend/handlers/products.go:117.2,118.16 2 1
github.com/el-bulk/backend/handlers/products.go:118.16,122.3 3 0
github.com/el-bulk/backend/handlers/products.go:124.2,125.28 2 1
github.com/el-bulk/backend/handlers/products.go:128.73,132.63 4 1
github.com/el-bulk/backend/handlers/products.go:132.63,136.3 3 0
github.com/el-bulk/backend/handlers/products.go:138.2,139.16 2 1
github.com/el-bulk/backend/handlers/products.go:139.16,143.3 3 0
github.com/el-bulk/backend/handlers/products.go:145.2,145.28 1 1
github.com/el-bulk/backend/handlers/products.go:148.73,151.58 3 1
github.com/el-bulk/backend/handlers/products.go:151.58,155.3 3 1
github.com/el-bulk/backend/handlers/products.go:156.2,156.68 1 0
github.com/el-bulk/backend/handlers/products.go:159.77,165.61 3 1
github.com/el-bulk/backend/handlers/products.go:165.61,169.3 3 0
github.com/el-bulk/backend/handlers/products.go:171.2,172.16 2 1
github.com/el-bulk/backend/handlers/products.go:172.16,176.3 3 1
github.com/el-bulk/backend/handlers/products.go:178.2,181.4 1 1
github.com/el-bulk/backend/handlers/products.go:184.77,187.61 3 0
github.com/el-bulk/backend/handlers/products.go:187.61,191.3 3 0
github.com/el-bulk/backend/handlers/products.go:193.2,194.16 2 0
github.com/el-bulk/backend/handlers/products.go:194.16,198.3 3 0
github.com/el-bulk/backend/handlers/products.go:200.2,200.64 1 0
github.com/el-bulk/backend/handlers/products.go:203.78,206.54 3 0
github.com/el-bulk/backend/handlers/products.go:206.54,208.3 1 0
github.com/el-bulk/backend/handlers/products.go:210.2,211.16 2 0
github.com/el-bulk/backend/handlers/products.go:211.16,215.3 3 0
github.com/el-bulk/backend/handlers/products.go:217.2,217.29 1 0
github.com/el-bulk/backend/handlers/products.go:220.77,223.16 3 1
github.com/el-bulk/backend/handlers/products.go:223.16,227.3 3 0
github.com/el-bulk/backend/handlers/products.go:228.2,228.26 1 1
github.com/el-bulk/backend/handlers/products.go:231.80,235.65 4 1
github.com/el-bulk/backend/handlers/products.go:235.65,239.3 3 0
github.com/el-bulk/backend/handlers/products.go:241.2,242.16 2 1
github.com/el-bulk/backend/handlers/products.go:242.16,246.3 3 1
github.com/el-bulk/backend/handlers/products.go:248.2,248.26 1 1
github.com/el-bulk/backend/handlers/refresh.go:18.67,20.2 1 1
github.com/el-bulk/backend/handlers/refresh.go:23.74,27.2 3 1
github.com/el-bulk/backend/handlers/refresh.go:31.58,32.12 1 0
github.com/el-bulk/backend/handlers/refresh.go:32.12,33.7 1 0
github.com/el-bulk/backend/handlers/refresh.go:33.7,44.4 8 0
github.com/el-bulk/backend/handlers/settings.go:19.70,21.2 1 1
github.com/el-bulk/backend/handlers/settings.go:24.71,26.16 2 1
github.com/el-bulk/backend/handlers/settings.go:26.16,30.3 3 1
github.com/el-bulk/backend/handlers/settings.go:31.2,31.22 1 1
github.com/el-bulk/backend/handlers/settings.go:35.77,37.16 2 0
github.com/el-bulk/backend/handlers/settings.go:37.16,44.3 2 0
github.com/el-bulk/backend/handlers/settings.go:45.2,45.22 1 0
github.com/el-bulk/backend/handlers/settings.go:49.74,66.63 2 1
github.com/el-bulk/backend/handlers/settings.go:66.63,69.3 2 1
github.com/el-bulk/backend/handlers/settings.go:71.2,71.31 1 1
github.com/el-bulk/backend/handlers/settings.go:71.31,72.128 1 1
github.com/el-bulk/backend/handlers/settings.go:72.128,76.4 3 1
github.com/el-bulk/backend/handlers/settings.go:78.2,78.31 1 1
github.com/el-bulk/backend/handlers/settings.go:78.31,79.128 1 1
github.com/el-bulk/backend/handlers/settings.go:79.128,83.4 3 0
github.com/el-bulk/backend/handlers/settings.go:85.2,85.33 1 1
github.com/el-bulk/backend/handlers/settings.go:85.33,86.97 1 1
github.com/el-bulk/backend/handlers/settings.go:86.97,90.4 3 0
github.com/el-bulk/backend/handlers/settings.go:92.2,92.31 1 1
github.com/el-bulk/backend/handlers/settings.go:92.31,93.93 1 1
github.com/el-bulk/backend/handlers/settings.go:93.93,97.4 3 0
github.com/el-bulk/backend/handlers/settings.go:99.2,99.31 1 1
github.com/el-bulk/backend/handlers/settings.go:99.31,100.93 1 1
github.com/el-bulk/backend/handlers/settings.go:100.93,104.4 3 0
github.com/el-bulk/backend/handlers/settings.go:106.2,106.35 1 1
github.com/el-bulk/backend/handlers/settings.go:106.35,107.101 1 1
github.com/el-bulk/backend/handlers/settings.go:107.101,111.4 3 0
github.com/el-bulk/backend/handlers/settings.go:113.2,113.31 1 1
github.com/el-bulk/backend/handlers/settings.go:113.31,114.93 1 1
github.com/el-bulk/backend/handlers/settings.go:114.93,118.4 3 0
github.com/el-bulk/backend/handlers/settings.go:120.2,120.37 1 1
github.com/el-bulk/backend/handlers/settings.go:120.37,121.140 1 0
github.com/el-bulk/backend/handlers/settings.go:121.140,125.4 3 0
github.com/el-bulk/backend/handlers/settings.go:127.2,127.36 1 1
github.com/el-bulk/backend/handlers/settings.go:127.36,128.118 1 0
github.com/el-bulk/backend/handlers/settings.go:128.118,132.4 3 0
github.com/el-bulk/backend/handlers/settings.go:134.2,134.35 1 1
github.com/el-bulk/backend/handlers/settings.go:134.35,135.116 1 0
github.com/el-bulk/backend/handlers/settings.go:135.116,139.4 3 0
github.com/el-bulk/backend/handlers/settings.go:141.2,141.35 1 1
github.com/el-bulk/backend/handlers/settings.go:141.35,142.116 1 0
github.com/el-bulk/backend/handlers/settings.go:142.116,146.4 3 0
github.com/el-bulk/backend/handlers/settings.go:148.2,148.32 1 1
github.com/el-bulk/backend/handlers/settings.go:148.32,149.95 1 0
github.com/el-bulk/backend/handlers/settings.go:149.95,153.4 3 0
github.com/el-bulk/backend/handlers/settings.go:155.2,155.39 1 1
github.com/el-bulk/backend/handlers/settings.go:155.39,157.34 2 0
github.com/el-bulk/backend/handlers/settings.go:157.34,159.4 1 0
github.com/el-bulk/backend/handlers/settings.go:160.3,160.86 1 0
github.com/el-bulk/backend/handlers/settings.go:160.86,164.4 3 0
github.com/el-bulk/backend/handlers/settings.go:166.2,166.33 1 1
github.com/el-bulk/backend/handlers/settings.go:166.33,167.98 1 0
github.com/el-bulk/backend/handlers/settings.go:167.98,171.4 3 0
github.com/el-bulk/backend/handlers/settings.go:174.2,175.16 2 1
github.com/el-bulk/backend/handlers/settings.go:175.16,179.3 3 0
github.com/el-bulk/backend/handlers/settings.go:180.2,180.22 1 1
github.com/el-bulk/backend/handlers/storage.go:17.75,19.2 1 1
github.com/el-bulk/backend/handlers/storage.go:22.71,25.16 3 1
github.com/el-bulk/backend/handlers/storage.go:25.16,28.3 2 1
github.com/el-bulk/backend/handlers/storage.go:29.2,29.30 1 1
github.com/el-bulk/backend/handlers/storage.go:33.73,38.63 3 1
github.com/el-bulk/backend/handlers/storage.go:38.63,41.3 2 0
github.com/el-bulk/backend/handlers/storage.go:43.2,44.16 2 1
github.com/el-bulk/backend/handlers/storage.go:44.16,47.3 2 1
github.com/el-bulk/backend/handlers/storage.go:48.2,48.24 1 1
github.com/el-bulk/backend/handlers/storage.go:52.73,58.63 4 1
github.com/el-bulk/backend/handlers/storage.go:58.63,61.3 2 0
github.com/el-bulk/backend/handlers/storage.go:63.2,63.70 1 1
github.com/el-bulk/backend/handlers/storage.go:63.70,66.3 2 1
github.com/el-bulk/backend/handlers/storage.go:67.2,67.68 1 1
github.com/el-bulk/backend/handlers/storage.go:71.73,74.58 3 1
github.com/el-bulk/backend/handlers/storage.go:74.58,77.3 2 1
github.com/el-bulk/backend/handlers/storage.go:78.2,78.73 1 1
github.com/el-bulk/backend/handlers/tcg.go:21.55,23.2 1 1
github.com/el-bulk/backend/handlers/tcg.go:26.67,29.16 3 1
github.com/el-bulk/backend/handlers/tcg.go:29.16,33.3 3 1
github.com/el-bulk/backend/handlers/tcg.go:34.2,34.25 1 1
github.com/el-bulk/backend/handlers/tcg.go:38.69,40.63 2 1
github.com/el-bulk/backend/handlers/tcg.go:40.63,43.3 2 1
github.com/el-bulk/backend/handlers/tcg.go:45.2,45.40 1 1
github.com/el-bulk/backend/handlers/tcg.go:45.40,48.3 2 1
github.com/el-bulk/backend/handlers/tcg.go:50.2,51.16 2 1
github.com/el-bulk/backend/handlers/tcg.go:51.16,55.64 2 1
github.com/el-bulk/backend/handlers/tcg.go:55.64,58.4 2 0
github.com/el-bulk/backend/handlers/tcg.go:60.3,61.9 2 1
github.com/el-bulk/backend/handlers/tcg.go:64.2,64.24 1 1
github.com/el-bulk/backend/handlers/tcg.go:68.69,71.63 3 1
github.com/el-bulk/backend/handlers/tcg.go:71.63,74.3 2 0
github.com/el-bulk/backend/handlers/tcg.go:76.2,77.16 2 1
github.com/el-bulk/backend/handlers/tcg.go:77.16,81.3 3 1
github.com/el-bulk/backend/handlers/tcg.go:83.2,83.24 1 1
github.com/el-bulk/backend/handlers/tcg.go:87.69,91.14 3 1
github.com/el-bulk/backend/handlers/tcg.go:91.14,94.3 2 0
github.com/el-bulk/backend/handlers/tcg.go:96.2,97.16 2 1
github.com/el-bulk/backend/handlers/tcg.go:97.16,99.57 2 1
github.com/el-bulk/backend/handlers/tcg.go:99.57,102.4 2 1
github.com/el-bulk/backend/handlers/tcg.go:103.3,104.9 2 1
github.com/el-bulk/backend/handlers/tcg.go:107.2,107.77 1 1
github.com/el-bulk/backend/handlers/tcg.go:111.71,114.16 3 0
github.com/el-bulk/backend/handlers/tcg.go:114.16,118.3 3 0
github.com/el-bulk/backend/handlers/tcg.go:120.2,123.4 1 0
github.com/el-bulk/backend/handlers/themes.go:19.61,21.2 1 1
github.com/el-bulk/backend/handlers/themes.go:25.69,28.16 3 0
github.com/el-bulk/backend/handlers/themes.go:28.16,31.3 2 0
github.com/el-bulk/backend/handlers/themes.go:32.2,32.27 1 0
github.com/el-bulk/backend/handlers/themes.go:37.71,40.63 3 0
github.com/el-bulk/backend/handlers/themes.go:40.63,43.3 2 0
github.com/el-bulk/backend/handlers/themes.go:45.2,46.16 2 0
github.com/el-bulk/backend/handlers/themes.go:46.16,49.3 2 0
github.com/el-bulk/backend/handlers/themes.go:51.2,51.26 1 0
github.com/el-bulk/backend/handlers/themes.go:56.71,60.63 4 0
github.com/el-bulk/backend/handlers/themes.go:60.63,63.3 2 0
github.com/el-bulk/backend/handlers/themes.go:65.2,66.16 2 0
github.com/el-bulk/backend/handlers/themes.go:66.16,69.3 2 0
github.com/el-bulk/backend/handlers/themes.go:71.2,71.26 1 0
github.com/el-bulk/backend/handlers/themes.go:76.71,81.16 4 0
github.com/el-bulk/backend/handlers/themes.go:81.16,82.52 1 0
github.com/el-bulk/backend/handlers/themes.go:82.52,85.4 2 0
github.com/el-bulk/backend/handlers/themes.go:86.3,87.9 2 0
github.com/el-bulk/backend/handlers/themes.go:90.2,90.66 1 0
github.com/el-bulk/backend/handlers/translation.go:18.79,20.2 1 0
github.com/el-bulk/backend/handlers/translation.go:23.75,26.18 3 0
github.com/el-bulk/backend/handlers/translation.go:26.18,28.17 2 0
github.com/el-bulk/backend/handlers/translation.go:28.17,32.4 3 0
github.com/el-bulk/backend/handlers/translation.go:33.3,34.9 2 0
github.com/el-bulk/backend/handlers/translation.go:37.2,38.16 2 0
github.com/el-bulk/backend/handlers/translation.go:38.16,42.3 3 0
github.com/el-bulk/backend/handlers/translation.go:43.2,43.33 1 0
github.com/el-bulk/backend/handlers/translation.go:47.80,50.16 3 0
github.com/el-bulk/backend/handlers/translation.go:50.16,54.3 3 0
github.com/el-bulk/backend/handlers/translation.go:55.2,55.33 1 0
github.com/el-bulk/backend/handlers/translation.go:59.77,62.59 3 0
github.com/el-bulk/backend/handlers/translation.go:62.59,65.3 2 0
github.com/el-bulk/backend/handlers/translation.go:67.2,68.15 2 0
github.com/el-bulk/backend/handlers/translation.go:68.15,70.3 1 0
github.com/el-bulk/backend/handlers/translation.go:72.2,72.57 1 0
github.com/el-bulk/backend/handlers/translation.go:72.57,76.3 3 0
github.com/el-bulk/backend/handlers/translation.go:78.2,78.59 1 0
github.com/el-bulk/backend/handlers/translation.go:82.77,87.31 4 0
github.com/el-bulk/backend/handlers/translation.go:87.31,90.3 2 0
github.com/el-bulk/backend/handlers/translation.go:92.2,92.67 1 0
github.com/el-bulk/backend/handlers/translation.go:92.67,96.3 3 0
github.com/el-bulk/backend/handlers/translation.go:98.2,98.59 1 0
github.com/el-bulk/backend/handlers/translation.go:102.83,106.18 3 0
github.com/el-bulk/backend/handlers/translation.go:106.18,109.3 2 0
github.com/el-bulk/backend/handlers/translation.go:111.2,111.68 1 0
github.com/el-bulk/backend/handlers/translation.go:111.68,115.3 3 0
github.com/el-bulk/backend/handlers/translation.go:117.2,117.59 1 0
github.com/el-bulk/backend/handlers/upload.go:20.72,22.22 2 0
github.com/el-bulk/backend/handlers/upload.go:22.22,25.3 2 0
github.com/el-bulk/backend/handlers/upload.go:28.2,29.54 2 0
github.com/el-bulk/backend/handlers/upload.go:29.54,32.3 2 0
github.com/el-bulk/backend/handlers/upload.go:34.2,35.16 2 0
github.com/el-bulk/backend/handlers/upload.go:35.16,38.3 2 0
github.com/el-bulk/backend/handlers/upload.go:39.2,44.21 4 0
github.com/el-bulk/backend/handlers/upload.go:44.21,47.3 2 0
github.com/el-bulk/backend/handlers/upload.go:49.2,50.23 2 0
github.com/el-bulk/backend/handlers/upload.go:50.23,52.3 1 0
github.com/el-bulk/backend/handlers/upload.go:55.2,59.16 4 0
github.com/el-bulk/backend/handlers/upload.go:59.16,62.3 2 0
github.com/el-bulk/backend/handlers/upload.go:65.2,67.50 3 0
github.com/el-bulk/backend/handlers/upload.go:71.63,73.2 1 0
github.com/el-bulk/backend/handlers/user_auth.go:26.66,28.2 1 0
github.com/el-bulk/backend/handlers/user_auth.go:30.56,31.18 1 0
github.com/el-bulk/backend/handlers/user_auth.go:32.16,42.4 1 0
github.com/el-bulk/backend/handlers/user_auth.go:43.18,50.4 1 0
github.com/el-bulk/backend/handlers/user_auth.go:51.10,52.13 1 0
github.com/el-bulk/backend/handlers/user_auth.go:57.73,61.19 4 0
github.com/el-bulk/backend/handlers/user_auth.go:61.19,64.3 2 0
github.com/el-bulk/backend/handlers/user_auth.go:65.2,67.78 2 0
github.com/el-bulk/backend/handlers/user_auth.go:67.78,69.3 1 0
github.com/el-bulk/backend/handlers/user_auth.go:71.2,73.56 3 0
github.com/el-bulk/backend/handlers/user_auth.go:77.76,81.67 4 0
github.com/el-bulk/backend/handlers/user_auth.go:81.67,84.3 2 0
github.com/el-bulk/backend/handlers/user_auth.go:86.2,87.23 2 0
github.com/el-bulk/backend/handlers/user_auth.go:87.23,89.3 1 0
github.com/el-bulk/backend/handlers/user_auth.go:91.2,93.19 3 0
github.com/el-bulk/backend/handlers/user_auth.go:93.19,96.3 2 0
github.com/el-bulk/backend/handlers/user_auth.go:98.2,99.16 2 0
github.com/el-bulk/backend/handlers/user_auth.go:99.16,103.3 3 0
github.com/el-bulk/backend/handlers/user_auth.go:106.2,109.18 3 0
github.com/el-bulk/backend/handlers/user_auth.go:110.16,112.17 2 0
github.com/el-bulk/backend/handlers/user_auth.go:112.17,116.4 3 0
github.com/el-bulk/backend/handlers/user_auth.go:117.3,126.67 3 0
github.com/el-bulk/backend/handlers/user_auth.go:126.67,130.4 3 0
github.com/el-bulk/backend/handlers/user_auth.go:131.3,135.30 5 0
github.com/el-bulk/backend/handlers/user_auth.go:137.18,139.17 2 0
github.com/el-bulk/backend/handlers/user_auth.go:139.17,143.4 3 0
github.com/el-bulk/backend/handlers/user_auth.go:144.3,157.68 3 0
github.com/el-bulk/backend/handlers/user_auth.go:157.68,161.4 3 0
github.com/el-bulk/backend/handlers/user_auth.go:162.3,166.40 5 0
github.com/el-bulk/backend/handlers/user_auth.go:168.10,170.9 2 0
github.com/el-bulk/backend/handlers/user_auth.go:174.2,177.25 3 0
github.com/el-bulk/backend/handlers/user_auth.go:177.25,179.28 2 0
github.com/el-bulk/backend/handlers/user_auth.go:179.28,182.4 2 0
github.com/el-bulk/backend/handlers/user_auth.go:185.2,185.25 1 0
github.com/el-bulk/backend/handlers/user_auth.go:185.25,187.21 1 0
github.com/el-bulk/backend/handlers/user_auth.go:187.21,188.41 1 0
github.com/el-bulk/backend/handlers/user_auth.go:188.41,191.5 2 0
github.com/el-bulk/backend/handlers/user_auth.go:192.4,193.10 2 0
github.com/el-bulk/backend/handlers/user_auth.go:196.3,196.95 1 0
github.com/el-bulk/backend/handlers/user_auth.go:196.95,200.4 3 0
github.com/el-bulk/backend/handlers/user_auth.go:202.3,203.9 2 0
github.com/el-bulk/backend/handlers/user_auth.go:207.2,209.20 3 0
github.com/el-bulk/backend/handlers/user_auth.go:209.20,211.17 2 0
github.com/el-bulk/backend/handlers/user_auth.go:211.17,214.4 2 0
github.com/el-bulk/backend/handlers/user_auth.go:214.9,217.4 2 0
github.com/el-bulk/backend/handlers/user_auth.go:220.2,220.12 1 0
github.com/el-bulk/backend/handlers/user_auth.go:220.12,222.17 2 0
github.com/el-bulk/backend/handlers/user_auth.go:222.17,225.18 2 0
github.com/el-bulk/backend/handlers/user_auth.go:225.18,229.5 3 0
github.com/el-bulk/backend/handlers/user_auth.go:230.4,230.28 1 0
github.com/el-bulk/backend/handlers/user_auth.go:231.9,233.105 1 0
github.com/el-bulk/backend/handlers/user_auth.go:233.105,235.5 1 0
github.com/el-bulk/backend/handlers/user_auth.go:236.4,236.28 1 0
github.com/el-bulk/backend/handlers/user_auth.go:241.2,250.16 5 0
github.com/el-bulk/backend/handlers/user_auth.go:250.16,254.3 3 0
github.com/el-bulk/backend/handlers/user_auth.go:257.2,269.81 3 0
github.com/el-bulk/backend/handlers/user_auth.go:273.70,276.25 3 0
github.com/el-bulk/backend/handlers/user_auth.go:276.25,279.3 2 0
github.com/el-bulk/backend/handlers/user_auth.go:281.2,282.16 2 0
github.com/el-bulk/backend/handlers/user_auth.go:282.16,285.3 2 0
github.com/el-bulk/backend/handlers/user_auth.go:287.2,287.29 1 0
github.com/el-bulk/backend/handlers/user_auth.go:291.76,294.25 3 0
github.com/el-bulk/backend/handlers/user_auth.go:294.25,297.3 2 0
github.com/el-bulk/backend/handlers/user_auth.go:299.2,304.63 2 0
github.com/el-bulk/backend/handlers/user_auth.go:304.63,307.3 2 0
github.com/el-bulk/backend/handlers/user_auth.go:309.2,309.113 1 0
github.com/el-bulk/backend/handlers/user_auth.go:309.113,313.3 3 0
github.com/el-bulk/backend/handlers/user_auth.go:315.2,315.12 1 0
github.com/el-bulk/backend/handlers/user_auth.go:319.74,333.2 4 0
