mode: set
github.com/el-bulk/backend/handlers/accounting.go:18.59,20.2 1 0
github.com/el-bulk/backend/handlers/accounting.go:22.79,44.21 5 0
github.com/el-bulk/backend/handlers/accounting.go:44.21,47.3 2 0
github.com/el-bulk/backend/handlers/accounting.go:48.2,48.19 1 0
github.com/el-bulk/backend/handlers/accounting.go:48.19,51.3 2 0
github.com/el-bulk/backend/handlers/accounting.go:54.2,68.21 2 0
github.com/el-bulk/backend/handlers/accounting.go:68.21,71.3 2 0
github.com/el-bulk/backend/handlers/accounting.go:72.2,72.19 1 0
github.com/el-bulk/backend/handlers/accounting.go:72.19,75.3 2 0
github.com/el-bulk/backend/handlers/accounting.go:78.2,91.21 2 0
github.com/el-bulk/backend/handlers/accounting.go:91.21,94.3 2 0
github.com/el-bulk/backend/handlers/accounting.go:95.2,95.19 1 0
github.com/el-bulk/backend/handlers/accounting.go:95.19,98.3 2 0
github.com/el-bulk/backend/handlers/accounting.go:101.2,124.16 5 0
github.com/el-bulk/backend/handlers/accounting.go:124.16,128.3 3 0
github.com/el-bulk/backend/handlers/accounting.go:131.2,132.38 2 0
github.com/el-bulk/backend/handlers/accounting.go:132.38,134.3 1 0
github.com/el-bulk/backend/handlers/accounting.go:134.8,134.28 1 0
github.com/el-bulk/backend/handlers/accounting.go:134.28,136.3 1 0
github.com/el-bulk/backend/handlers/accounting.go:136.8,136.26 1 0
github.com/el-bulk/backend/handlers/accounting.go:136.26,138.3 1 0
github.com/el-bulk/backend/handlers/accounting.go:140.2,150.27 6 0
github.com/el-bulk/backend/handlers/accounting.go:150.27,160.3 1 0
github.com/el-bulk/backend/handlers/admin.go:22.49,24.2 1 1
github.com/el-bulk/backend/handlers/admin.go:27.70,29.61 2 1
github.com/el-bulk/backend/handlers/admin.go:29.61,32.3 2 1
github.com/el-bulk/backend/handlers/admin.go:34.2,36.16 3 1
github.com/el-bulk/backend/handlers/admin.go:36.16,39.3 2 1
github.com/el-bulk/backend/handlers/admin.go:41.2,41.104 1 1
github.com/el-bulk/backend/handlers/admin.go:41.104,44.3 2 1
github.com/el-bulk/backend/handlers/admin.go:46.2,47.18 2 1
github.com/el-bulk/backend/handlers/admin.go:47.18,50.3 2 1
github.com/el-bulk/backend/handlers/admin.go:52.2,60.16 4 1
github.com/el-bulk/backend/handlers/admin.go:60.16,63.3 2 0
github.com/el-bulk/backend/handlers/admin.go:65.2,76.75 3 1
github.com/el-bulk/backend/handlers/admin.go:80.71,92.2 3 0
github.com/el-bulk/backend/handlers/bounty_handlers.go:21.51,23.2 1 0
github.com/el-bulk/backend/handlers/bounty_handlers.go:27.70,39.16 5 1
github.com/el-bulk/backend/handlers/bounty_handlers.go:39.16,43.3 3 0
github.com/el-bulk/backend/handlers/bounty_handlers.go:45.2,45.21 1 1
github.com/el-bulk/backend/handlers/bounty_handlers.go:45.21,47.3 1 0
github.com/el-bulk/backend/handlers/bounty_handlers.go:49.2,49.29 1 1
github.com/el-bulk/backend/handlers/bounty_handlers.go:52.72,54.63 2 1
github.com/el-bulk/backend/handlers/bounty_handlers.go:54.63,57.3 2 0
github.com/el-bulk/backend/handlers/bounty_handlers.go:59.2,59.41 1 1
github.com/el-bulk/backend/handlers/bounty_handlers.go:59.41,62.3 2 1
github.com/el-bulk/backend/handlers/bounty_handlers.go:64.2,65.27 2 1
github.com/el-bulk/backend/handlers/bounty_handlers.go:65.27,67.3 1 0
github.com/el-bulk/backend/handlers/bounty_handlers.go:69.2,82.16 4 1
github.com/el-bulk/backend/handlers/bounty_handlers.go:82.16,86.3 3 0
github.com/el-bulk/backend/handlers/bounty_handlers.go:88.2,89.27 2 1
github.com/el-bulk/backend/handlers/bounty_handlers.go:92.72,95.63 3 1
github.com/el-bulk/backend/handlers/bounty_handlers.go:95.63,98.3 2 0
github.com/el-bulk/backend/handlers/bounty_handlers.go:100.2,101.27 2 1
github.com/el-bulk/backend/handlers/bounty_handlers.go:101.27,103.3 1 0
github.com/el-bulk/backend/handlers/bounty_handlers.go:105.2,122.16 4 1
github.com/el-bulk/backend/handlers/bounty_handlers.go:122.16,123.27 1 0
github.com/el-bulk/backend/handlers/bounty_handlers.go:123.27,126.4 2 0
github.com/el-bulk/backend/handlers/bounty_handlers.go:127.3,129.9 3 0
github.com/el-bulk/backend/handlers/bounty_handlers.go:132.2,132.27 1 1
github.com/el-bulk/backend/handlers/bounty_handlers.go:135.72,138.16 3 1
github.com/el-bulk/backend/handlers/bounty_handlers.go:138.16,142.3 3 0
github.com/el-bulk/backend/handlers/bounty_handlers.go:144.2,145.16 2 1
github.com/el-bulk/backend/handlers/bounty_handlers.go:145.16,148.3 2 0
github.com/el-bulk/backend/handlers/bounty_handlers.go:150.2,150.37 1 1
github.com/el-bulk/backend/handlers/bounty_handlers.go:155.76,169.16 4 1
github.com/el-bulk/backend/handlers/bounty_handlers.go:169.16,173.3 3 0
github.com/el-bulk/backend/handlers/bounty_handlers.go:174.2,174.19 1 1
github.com/el-bulk/backend/handlers/bounty_handlers.go:174.19,176.3 1 0
github.com/el-bulk/backend/handlers/bounty_handlers.go:179.2,179.24 1 1
github.com/el-bulk/backend/handlers/bounty_handlers.go:179.24,181.3 1 1
github.com/el-bulk/backend/handlers/bounty_handlers.go:183.2,183.27 1 1
github.com/el-bulk/backend/handlers/bounty_handlers.go:186.77,188.63 2 1
github.com/el-bulk/backend/handlers/bounty_handlers.go:188.63,191.3 2 0
github.com/el-bulk/backend/handlers/bounty_handlers.go:193.2,193.85 1 1
github.com/el-bulk/backend/handlers/bounty_handlers.go:193.85,196.3 2 0
github.com/el-bulk/backend/handlers/bounty_handlers.go:198.2,198.25 1 1
github.com/el-bulk/backend/handlers/bounty_handlers.go:198.25,200.3 1 0
github.com/el-bulk/backend/handlers/bounty_handlers.go:203.2,204.69 2 1
github.com/el-bulk/backend/handlers/bounty_handlers.go:204.69,206.3 1 0
github.com/el-bulk/backend/handlers/bounty_handlers.go:208.2,212.16 3 1
github.com/el-bulk/backend/handlers/bounty_handlers.go:212.16,216.3 3 0
github.com/el-bulk/backend/handlers/bounty_handlers.go:218.2,219.55 2 1
github.com/el-bulk/backend/handlers/bounty_handlers.go:219.55,223.3 3 0
github.com/el-bulk/backend/handlers/bounty_handlers.go:225.2,226.26 2 1
github.com/el-bulk/backend/handlers/bounty_handlers.go:229.83,232.63 3 1
github.com/el-bulk/backend/handlers/bounty_handlers.go:232.63,235.3 2 0
github.com/el-bulk/backend/handlers/bounty_handlers.go:237.2,243.16 3 1
github.com/el-bulk/backend/handlers/bounty_handlers.go:243.16,247.3 3 0
github.com/el-bulk/backend/handlers/bounty_handlers.go:249.2,263.16 4 1
github.com/el-bulk/backend/handlers/bounty_handlers.go:263.16,267.3 3 0
github.com/el-bulk/backend/handlers/bounty_handlers.go:270.2,272.26 2 1
github.com/el-bulk/backend/handlers/bounty_handlers.go:277.78,285.16 4 1
github.com/el-bulk/backend/handlers/bounty_handlers.go:285.16,289.3 3 0
github.com/el-bulk/backend/handlers/bounty_handlers.go:291.2,291.21 1 1
github.com/el-bulk/backend/handlers/bounty_handlers.go:291.21,293.3 1 0
github.com/el-bulk/backend/handlers/bounty_handlers.go:296.2,296.26 1 1
github.com/el-bulk/backend/handlers/bounty_handlers.go:296.26,298.3 1 1
github.com/el-bulk/backend/handlers/bounty_handlers.go:300.2,300.29 1 1
github.com/el-bulk/backend/handlers/bounty_handlers.go:303.79,305.63 2 1
github.com/el-bulk/backend/handlers/bounty_handlers.go:305.63,308.3 2 0
github.com/el-bulk/backend/handlers/bounty_handlers.go:310.2,310.85 1 1
github.com/el-bulk/backend/handlers/bounty_handlers.go:310.85,313.3 2 0
github.com/el-bulk/backend/handlers/bounty_handlers.go:316.2,317.69 2 1
github.com/el-bulk/backend/handlers/bounty_handlers.go:317.69,319.3 1 0
github.com/el-bulk/backend/handlers/bounty_handlers.go:321.2,325.16 3 1
github.com/el-bulk/backend/handlers/bounty_handlers.go:325.16,329.3 3 0
github.com/el-bulk/backend/handlers/bounty_handlers.go:331.2,332.53 2 1
github.com/el-bulk/backend/handlers/bounty_handlers.go:332.53,336.3 3 0
github.com/el-bulk/backend/handlers/bounty_handlers.go:338.2,339.24 2 1
github.com/el-bulk/backend/handlers/bounty_handlers.go:342.85,345.63 3 1
github.com/el-bulk/backend/handlers/bounty_handlers.go:345.63,348.3 2 0
github.com/el-bulk/backend/handlers/bounty_handlers.go:350.2,359.16 4 1
github.com/el-bulk/backend/handlers/bounty_handlers.go:359.16,360.27 1 0
github.com/el-bulk/backend/handlers/bounty_handlers.go:360.27,363.4 2 0
github.com/el-bulk/backend/handlers/bounty_handlers.go:364.3,366.9 3 0
github.com/el-bulk/backend/handlers/bounty_handlers.go:369.2,369.24 1 1
github.com/el-bulk/backend/handlers/categories.go:23.59,25.2 1 1
github.com/el-bulk/backend/handlers/categories.go:29.74,38.14 4 1
github.com/el-bulk/backend/handlers/categories.go:38.14,40.3 1 1
github.com/el-bulk/backend/handlers/categories.go:41.2,44.14 2 1
github.com/el-bulk/backend/handlers/categories.go:44.14,46.3 1 1
github.com/el-bulk/backend/handlers/categories.go:47.2,50.16 3 1
github.com/el-bulk/backend/handlers/categories.go:50.16,53.3 2 0
github.com/el-bulk/backend/handlers/categories.go:54.2,54.23 1 1
github.com/el-bulk/backend/handlers/categories.go:54.23,56.3 1 0
github.com/el-bulk/backend/handlers/categories.go:57.2,57.31 1 1
github.com/el-bulk/backend/handlers/categories.go:60.39,65.2 4 1
github.com/el-bulk/backend/handlers/categories.go:68.76,70.63 2 1
github.com/el-bulk/backend/handlers/categories.go:70.63,73.3 2 0
github.com/el-bulk/backend/handlers/categories.go:74.2,74.22 1 1
github.com/el-bulk/backend/handlers/categories.go:74.22,77.3 2 0
github.com/el-bulk/backend/handlers/categories.go:79.2,80.16 2 1
github.com/el-bulk/backend/handlers/categories.go:80.16,82.3 1 1
github.com/el-bulk/backend/handlers/categories.go:84.2,85.27 2 1
github.com/el-bulk/backend/handlers/categories.go:85.27,87.3 1 0
github.com/el-bulk/backend/handlers/categories.go:88.2,89.28 2 1
github.com/el-bulk/backend/handlers/categories.go:89.28,91.3 1 0
github.com/el-bulk/backend/handlers/categories.go:92.2,93.29 2 1
github.com/el-bulk/backend/handlers/categories.go:93.29,95.3 1 0
github.com/el-bulk/backend/handlers/categories.go:97.2,103.16 3 1
github.com/el-bulk/backend/handlers/categories.go:103.16,105.57 1 1
github.com/el-bulk/backend/handlers/categories.go:105.57,108.4 2 0
github.com/el-bulk/backend/handlers/categories.go:109.3,110.9 2 1
github.com/el-bulk/backend/handlers/categories.go:113.2,114.24 2 1
github.com/el-bulk/backend/handlers/categories.go:118.76,121.63 3 1
github.com/el-bulk/backend/handlers/categories.go:121.63,124.3 2 0
github.com/el-bulk/backend/handlers/categories.go:126.2,127.16 2 1
github.com/el-bulk/backend/handlers/categories.go:127.16,129.3 1 1
github.com/el-bulk/backend/handlers/categories.go:131.2,137.27 5 1
github.com/el-bulk/backend/handlers/categories.go:137.27,141.3 3 0
github.com/el-bulk/backend/handlers/categories.go:142.2,142.28 1 1
github.com/el-bulk/backend/handlers/categories.go:142.28,146.3 3 0
github.com/el-bulk/backend/handlers/categories.go:147.2,147.29 1 1
github.com/el-bulk/backend/handlers/categories.go:147.29,151.3 3 0
github.com/el-bulk/backend/handlers/categories.go:152.2,152.26 1 1
github.com/el-bulk/backend/handlers/categories.go:152.26,156.3 3 0
github.com/el-bulk/backend/handlers/categories.go:157.2,157.28 1 1
github.com/el-bulk/backend/handlers/categories.go:157.28,161.3 3 0
github.com/el-bulk/backend/handlers/categories.go:162.2,162.23 1 1
github.com/el-bulk/backend/handlers/categories.go:162.23,166.3 3 0
github.com/el-bulk/backend/handlers/categories.go:168.2,175.26 5 1
github.com/el-bulk/backend/handlers/categories.go:175.26,178.3 2 0
github.com/el-bulk/backend/handlers/categories.go:178.8,178.23 1 1
github.com/el-bulk/backend/handlers/categories.go:178.23,179.57 1 1
github.com/el-bulk/backend/handlers/categories.go:179.57,182.4 2 0
github.com/el-bulk/backend/handlers/categories.go:183.3,184.9 2 1
github.com/el-bulk/backend/handlers/categories.go:187.2,187.24 1 1
github.com/el-bulk/backend/handlers/categories.go:191.76,194.16 3 1
github.com/el-bulk/backend/handlers/categories.go:194.16,197.3 2 1
github.com/el-bulk/backend/handlers/categories.go:198.2,199.15 2 1
github.com/el-bulk/backend/handlers/categories.go:199.15,202.3 2 0
github.com/el-bulk/backend/handlers/categories.go:204.2,204.69 1 1
github.com/el-bulk/backend/handlers/customer_admin_handlers.go:17.86,33.16 3 1
github.com/el-bulk/backend/handlers/customer_admin_handlers.go:33.16,36.3 2 0
github.com/el-bulk/backend/handlers/customer_admin_handlers.go:38.2,38.22 1 1
github.com/el-bulk/backend/handlers/customer_admin_handlers.go:38.22,40.3 1 0
github.com/el-bulk/backend/handlers/customer_admin_handlers.go:43.2,43.27 1 1
github.com/el-bulk/backend/handlers/customer_admin_handlers.go:43.27,47.3 3 1
github.com/el-bulk/backend/handlers/customer_admin_handlers.go:49.2,49.38 1 1
github.com/el-bulk/backend/handlers/customer_admin_handlers.go:52.90,54.14 2 1
github.com/el-bulk/backend/handlers/customer_admin_handlers.go:54.14,57.3 2 0
github.com/el-bulk/backend/handlers/customer_admin_handlers.go:59.2,61.16 3 1
github.com/el-bulk/backend/handlers/customer_admin_handlers.go:61.16,66.3 3 1
github.com/el-bulk/backend/handlers/customer_admin_handlers.go:69.2,75.16 5 1
github.com/el-bulk/backend/handlers/customer_admin_handlers.go:75.16,78.3 2 0
github.com/el-bulk/backend/handlers/customer_admin_handlers.go:81.2,88.16 2 1
github.com/el-bulk/backend/handlers/customer_admin_handlers.go:88.16,91.3 2 0
github.com/el-bulk/backend/handlers/customer_admin_handlers.go:94.2,98.16 3 1
github.com/el-bulk/backend/handlers/customer_admin_handlers.go:98.16,100.3 1 0
github.com/el-bulk/backend/handlers/customer_admin_handlers.go:103.2,110.16 2 1
github.com/el-bulk/backend/handlers/customer_admin_handlers.go:110.16,112.3 1 0
github.com/el-bulk/backend/handlers/customer_admin_handlers.go:114.2,114.26 1 1
github.com/el-bulk/backend/handlers/customer_admin_handlers.go:114.26,116.3 1 1
github.com/el-bulk/backend/handlers/customer_admin_handlers.go:117.2,117.25 1 1
github.com/el-bulk/backend/handlers/customer_admin_handlers.go:117.25,119.3 1 1
github.com/el-bulk/backend/handlers/customer_admin_handlers.go:120.2,120.28 1 1
github.com/el-bulk/backend/handlers/customer_admin_handlers.go:120.28,122.3 1 1
github.com/el-bulk/backend/handlers/customer_admin_handlers.go:123.2,123.26 1 1
github.com/el-bulk/backend/handlers/customer_admin_handlers.go:123.26,125.3 1 1
github.com/el-bulk/backend/handlers/customer_admin_handlers.go:127.2,127.35 1 1
github.com/el-bulk/backend/handlers/customer_admin_handlers.go:130.80,132.14 2 1
github.com/el-bulk/backend/handlers/customer_admin_handlers.go:132.14,135.3 2 0
github.com/el-bulk/backend/handlers/customer_admin_handlers.go:137.2,141.63 2 1
github.com/el-bulk/backend/handlers/customer_admin_handlers.go:141.63,144.3 2 0
github.com/el-bulk/backend/handlers/customer_admin_handlers.go:146.2,146.25 1 1
github.com/el-bulk/backend/handlers/customer_admin_handlers.go:146.25,149.3 2 0
github.com/el-bulk/backend/handlers/customer_admin_handlers.go:153.2,160.16 3 1
github.com/el-bulk/backend/handlers/customer_admin_handlers.go:160.16,163.3 2 0
github.com/el-bulk/backend/handlers/customer_admin_handlers.go:165.2,166.84 2 1
github.com/el-bulk/backend/handlers/health.go:16.51,18.2 1 1
github.com/el-bulk/backend/handlers/health.go:40.70,42.17 2 1
github.com/el-bulk/backend/handlers/health.go:42.17,46.3 3 1
github.com/el-bulk/backend/handlers/health.go:48.2,49.16 2 1
github.com/el-bulk/backend/handlers/health.go:49.16,53.3 3 1
github.com/el-bulk/backend/handlers/health.go:54.2,54.62 1 1
github.com/el-bulk/backend/handlers/health.go:57.74,59.17 2 1
github.com/el-bulk/backend/handlers/health.go:59.17,62.3 2 1
github.com/el-bulk/backend/handlers/health.go:63.2,67.16 3 1
github.com/el-bulk/backend/handlers/health.go:67.16,69.3 1 0
github.com/el-bulk/backend/handlers/health.go:73.2,81.16 2 1
github.com/el-bulk/backend/handlers/health.go:81.16,83.3 1 0
github.com/el-bulk/backend/handlers/health.go:86.2,87.16 2 1
github.com/el-bulk/backend/handlers/health.go:87.16,89.3 1 0
github.com/el-bulk/backend/handlers/health.go:91.2,95.16 3 1
github.com/el-bulk/backend/handlers/health.go:95.16,97.3 1 0
github.com/el-bulk/backend/handlers/health.go:98.2,115.19 11 1
github.com/el-bulk/backend/handlers/health.go:115.19,122.35 3 1
github.com/el-bulk/backend/handlers/health.go:122.35,129.4 2 1
github.com/el-bulk/backend/handlers/health.go:132.8,134.3 1 0
github.com/el-bulk/backend/handlers/health.go:136.2,137.34 2 1
github.com/el-bulk/backend/handlers/logs.go:18.34,20.2 1 1
github.com/el-bulk/backend/handlers/logs.go:22.70,24.61 2 1
github.com/el-bulk/backend/handlers/logs.go:24.61,27.3 2 1
github.com/el-bulk/backend/handlers/logs.go:30.2,31.26 2 1
github.com/el-bulk/backend/handlers/logs.go:31.26,34.3 2 1
github.com/el-bulk/backend/handlers/logs.go:36.2,37.19 2 1
github.com/el-bulk/backend/handlers/logs.go:38.15,39.54 1 0
github.com/el-bulk/backend/handlers/logs.go:40.14,41.53 1 1
github.com/el-bulk/backend/handlers/logs.go:42.14,43.53 1 0
github.com/el-bulk/backend/handlers/logs.go:44.15,45.54 1 1
github.com/el-bulk/backend/handlers/logs.go:46.10,47.69 1 1
github.com/el-bulk/backend/handlers/logs.go:50.2,50.37 1 1
github.com/el-bulk/backend/handlers/lookup.go:14.40,16.2 1 1
github.com/el-bulk/backend/handlers/lookup.go:19.69,25.16 5 1
github.com/el-bulk/backend/handlers/lookup.go:25.16,28.3 2 1
github.com/el-bulk/backend/handlers/lookup.go:30.2,31.16 2 1
github.com/el-bulk/backend/handlers/lookup.go:31.16,32.38 1 1
github.com/el-bulk/backend/handlers/lookup.go:32.38,35.4 2 1
github.com/el-bulk/backend/handlers/lookup.go:36.3,37.9 2 0
github.com/el-bulk/backend/handlers/lookup.go:40.2,40.27 1 1
github.com/el-bulk/backend/handlers/lookup.go:44.74,48.63 2 1
github.com/el-bulk/backend/handlers/lookup.go:48.63,51.3 2 1
github.com/el-bulk/backend/handlers/lookup.go:53.2,54.16 2 1
github.com/el-bulk/backend/handlers/lookup.go:54.16,57.3 2 0
github.com/el-bulk/backend/handlers/lookup.go:59.2,59.28 1 1
github.com/el-bulk/backend/handlers/lookup.go:64.73,68.16 3 1
github.com/el-bulk/backend/handlers/lookup.go:68.16,71.3 2 1
github.com/el-bulk/backend/handlers/lookup.go:73.2,74.16 2 1
github.com/el-bulk/backend/handlers/lookup.go:74.16,75.38 1 1
github.com/el-bulk/backend/handlers/lookup.go:75.38,78.4 2 1
github.com/el-bulk/backend/handlers/lookup.go:79.3,80.9 2 1
github.com/el-bulk/backend/handlers/lookup.go:83.2,83.27 1 1
github.com/el-bulk/backend/handlers/newsletter_handlers.go:15.79,19.63 2 1
github.com/el-bulk/backend/handlers/newsletter_handlers.go:19.63,22.3 2 0
github.com/el-bulk/backend/handlers/newsletter_handlers.go:24.2,24.23 1 1
github.com/el-bulk/backend/handlers/newsletter_handlers.go:24.23,27.3 2 0
github.com/el-bulk/backend/handlers/newsletter_handlers.go:30.2,32.16 3 1
github.com/el-bulk/backend/handlers/newsletter_handlers.go:32.16,35.3 2 0
github.com/el-bulk/backend/handlers/newsletter_handlers.go:38.2,38.15 1 1
github.com/el-bulk/backend/handlers/newsletter_handlers.go:38.15,42.3 3 1
github.com/el-bulk/backend/handlers/newsletter_handlers.go:45.2,48.16 4 1
github.com/el-bulk/backend/handlers/newsletter_handlers.go:48.16,50.3 1 1
github.com/el-bulk/backend/handlers/newsletter_handlers.go:53.2,58.16 2 1
github.com/el-bulk/backend/handlers/newsletter_handlers.go:58.16,61.3 2 0
github.com/el-bulk/backend/handlers/newsletter_handlers.go:63.2,64.84 2 1
github.com/el-bulk/backend/handlers/newsletter_handlers.go:67.89,75.16 3 1
github.com/el-bulk/backend/handlers/newsletter_handlers.go:75.16,78.3 2 0
github.com/el-bulk/backend/handlers/newsletter_handlers.go:80.2,80.24 1 1
github.com/el-bulk/backend/handlers/newsletter_handlers.go:80.24,82.3 1 0
github.com/el-bulk/backend/handlers/newsletter_handlers.go:84.2,84.40 1 1
github.com/el-bulk/backend/handlers/newsletter_handlers.go:87.81,91.63 2 1
github.com/el-bulk/backend/handlers/newsletter_handlers.go:91.63,94.3 2 0
github.com/el-bulk/backend/handlers/newsletter_handlers.go:96.2,97.16 2 1
github.com/el-bulk/backend/handlers/newsletter_handlers.go:97.16,100.3 2 0
github.com/el-bulk/backend/handlers/newsletter_handlers.go:102.2,103.86 2 1
github.com/el-bulk/backend/handlers/notice_handlers.go:21.51,23.2 1 1
github.com/el-bulk/backend/handlers/notice_handlers.go:26.70,30.20 4 1
github.com/el-bulk/backend/handlers/notice_handlers.go:30.20,32.3 1 0
github.com/el-bulk/backend/handlers/notice_handlers.go:34.2,37.15 3 1
github.com/el-bulk/backend/handlers/notice_handlers.go:37.15,39.3 1 0
github.com/el-bulk/backend/handlers/notice_handlers.go:39.8,41.3 1 1
github.com/el-bulk/backend/handlers/notice_handlers.go:43.2,43.16 1 1
github.com/el-bulk/backend/handlers/notice_handlers.go:43.16,47.3 3 0
github.com/el-bulk/backend/handlers/notice_handlers.go:49.2,49.20 1 1
github.com/el-bulk/backend/handlers/notice_handlers.go:49.20,51.3 1 0
github.com/el-bulk/backend/handlers/notice_handlers.go:53.2,53.28 1 1
github.com/el-bulk/backend/handlers/notice_handlers.go:57.75,62.16 4 1
github.com/el-bulk/backend/handlers/notice_handlers.go:62.16,65.3 2 0
github.com/el-bulk/backend/handlers/notice_handlers.go:67.2,67.27 1 1
github.com/el-bulk/backend/handlers/notice_handlers.go:71.75,74.16 3 1
github.com/el-bulk/backend/handlers/notice_handlers.go:74.16,78.3 3 0
github.com/el-bulk/backend/handlers/notice_handlers.go:80.2,80.20 1 1
github.com/el-bulk/backend/handlers/notice_handlers.go:80.20,82.3 1 0
github.com/el-bulk/backend/handlers/notice_handlers.go:84.2,84.28 1 1
github.com/el-bulk/backend/handlers/notice_handlers.go:88.72,90.63 2 1
github.com/el-bulk/backend/handlers/notice_handlers.go:90.63,93.3 2 0
github.com/el-bulk/backend/handlers/notice_handlers.go:95.2,95.70 1 1
github.com/el-bulk/backend/handlers/notice_handlers.go:95.70,98.3 2 0
github.com/el-bulk/backend/handlers/notice_handlers.go:100.2,107.16 4 1
github.com/el-bulk/backend/handlers/notice_handlers.go:107.16,111.3 3 0
github.com/el-bulk/backend/handlers/notice_handlers.go:114.2,114.24 1 1
github.com/el-bulk/backend/handlers/notice_handlers.go:114.24,116.3 1 0
github.com/el-bulk/backend/handlers/notice_handlers.go:118.2,118.27 1 1
github.com/el-bulk/backend/handlers/notice_handlers.go:122.72,126.63 3 1
github.com/el-bulk/backend/handlers/notice_handlers.go:126.63,129.3 2 0
github.com/el-bulk/backend/handlers/notice_handlers.go:131.2,139.16 4 1
github.com/el-bulk/backend/handlers/notice_handlers.go:139.16,143.3 3 0
github.com/el-bulk/backend/handlers/notice_handlers.go:148.2,148.24 1 1
github.com/el-bulk/backend/handlers/notice_handlers.go:148.24,150.3 1 0
github.com/el-bulk/backend/handlers/notice_handlers.go:152.2,152.27 1 1
github.com/el-bulk/backend/handlers/notice_handlers.go:156.72,160.16 3 1
github.com/el-bulk/backend/handlers/notice_handlers.go:160.16,164.3 3 0
github.com/el-bulk/backend/handlers/notice_handlers.go:166.2,166.67 1 1
github.com/el-bulk/backend/handlers/orders.go:28.49,30.2 1 1
github.com/el-bulk/backend/handlers/orders.go:33.35,38.2 4 1
github.com/el-bulk/backend/handlers/orders.go:41.71,43.63 2 1
github.com/el-bulk/backend/handlers/orders.go:43.63,46.3 2 0
github.com/el-bulk/backend/handlers/orders.go:49.2,49.77 1 1
github.com/el-bulk/backend/handlers/orders.go:49.77,52.3 2 1
github.com/el-bulk/backend/handlers/orders.go:53.2,53.27 1 1
github.com/el-bulk/backend/handlers/orders.go:53.27,56.3 2 0
github.com/el-bulk/backend/handlers/orders.go:59.2,60.16 2 1
github.com/el-bulk/backend/handlers/orders.go:60.16,62.3 1 0
github.com/el-bulk/backend/handlers/orders.go:65.2,66.35 2 1
github.com/el-bulk/backend/handlers/orders.go:66.35,67.24 1 1
github.com/el-bulk/backend/handlers/orders.go:67.24,69.4 1 1
github.com/el-bulk/backend/handlers/orders.go:72.2,72.26 1 1
github.com/el-bulk/backend/handlers/orders.go:72.26,75.3 2 0
github.com/el-bulk/backend/handlers/orders.go:77.2,79.16 3 1
github.com/el-bulk/backend/handlers/orders.go:79.16,82.3 2 0
github.com/el-bulk/backend/handlers/orders.go:83.2,84.76 2 1
github.com/el-bulk/backend/handlers/orders.go:84.76,87.3 2 1
github.com/el-bulk/backend/handlers/orders.go:88.2,88.29 1 1
github.com/el-bulk/backend/handlers/orders.go:88.29,90.3 1 1
github.com/el-bulk/backend/handlers/orders.go:93.2,100.16 3 1
github.com/el-bulk/backend/handlers/orders.go:100.16,106.73 3 1
github.com/el-bulk/backend/handlers/orders.go:106.73,107.29 1 0
github.com/el-bulk/backend/handlers/orders.go:107.29,109.5 1 0
github.com/el-bulk/backend/handlers/orders.go:114.2,116.35 3 1
github.com/el-bulk/backend/handlers/orders.go:116.35,118.32 2 1
github.com/el-bulk/backend/handlers/orders.go:118.32,119.12 1 0
github.com/el-bulk/backend/handlers/orders.go:121.3,134.5 3 1
github.com/el-bulk/backend/handlers/orders.go:137.2,137.26 1 1
github.com/el-bulk/backend/handlers/orders.go:137.26,140.3 2 0
github.com/el-bulk/backend/handlers/orders.go:142.2,143.68 2 1
github.com/el-bulk/backend/handlers/orders.go:143.68,145.3 1 0
github.com/el-bulk/backend/handlers/orders.go:148.2,177.16 9 1
github.com/el-bulk/backend/handlers/orders.go:177.16,182.3 3 0
github.com/el-bulk/backend/handlers/orders.go:184.2,190.4 2 1
github.com/el-bulk/backend/handlers/orders.go:194.69,202.18 6 1
github.com/el-bulk/backend/handlers/orders.go:202.18,204.3 1 0
github.com/el-bulk/backend/handlers/orders.go:205.2,205.18 1 1
github.com/el-bulk/backend/handlers/orders.go:205.18,208.3 2 0
github.com/el-bulk/backend/handlers/orders.go:210.2,215.58 4 1
github.com/el-bulk/backend/handlers/orders.go:215.58,219.3 3 0
github.com/el-bulk/backend/handlers/orders.go:222.2,231.61 4 1
github.com/el-bulk/backend/handlers/orders.go:231.61,235.3 3 0
github.com/el-bulk/backend/handlers/orders.go:236.2,236.19 1 1
github.com/el-bulk/backend/handlers/orders.go:236.19,238.3 1 0
github.com/el-bulk/backend/handlers/orders.go:240.2,245.4 1 1
github.com/el-bulk/backend/handlers/orders.go:249.74,254.84 3 1
github.com/el-bulk/backend/handlers/orders.go:254.84,255.50 1 1
github.com/el-bulk/backend/handlers/orders.go:255.50,257.4 1 0
github.com/el-bulk/backend/handlers/orders.go:257.9,259.4 1 1
github.com/el-bulk/backend/handlers/orders.go:260.3,260.9 1 1
github.com/el-bulk/backend/handlers/orders.go:264.2,265.102 2 1
github.com/el-bulk/backend/handlers/orders.go:265.102,268.3 2 0
github.com/el-bulk/backend/handlers/orders.go:271.2,282.131 5 1
github.com/el-bulk/backend/handlers/orders.go:282.131,286.3 3 0
github.com/el-bulk/backend/handlers/orders.go:289.2,290.25 2 1
github.com/el-bulk/backend/handlers/orders.go:290.25,297.28 2 1
github.com/el-bulk/backend/handlers/orders.go:297.28,299.4 1 1
github.com/el-bulk/backend/handlers/orders.go:302.2,306.4 1 1
github.com/el-bulk/backend/handlers/orders.go:310.71,320.63 3 1
github.com/el-bulk/backend/handlers/orders.go:320.63,323.3 2 0
github.com/el-bulk/backend/handlers/orders.go:325.2,326.16 2 1
github.com/el-bulk/backend/handlers/orders.go:326.16,329.3 2 1
github.com/el-bulk/backend/handlers/orders.go:330.2,333.25 2 1
github.com/el-bulk/backend/handlers/orders.go:333.25,335.17 2 1
github.com/el-bulk/backend/handlers/orders.go:335.17,338.4 2 0
github.com/el-bulk/backend/handlers/orders.go:342.2,342.35 1 1
github.com/el-bulk/backend/handlers/orders.go:342.35,343.24 1 0
github.com/el-bulk/backend/handlers/orders.go:343.24,345.4 1 0
github.com/el-bulk/backend/handlers/orders.go:348.3,350.42 3 0
github.com/el-bulk/backend/handlers/orders.go:350.42,353.4 2 0
github.com/el-bulk/backend/handlers/orders.go:355.3,357.17 2 0
github.com/el-bulk/backend/handlers/orders.go:357.17,360.4 2 0
github.com/el-bulk/backend/handlers/orders.go:364.2,366.16 3 1
github.com/el-bulk/backend/handlers/orders.go:366.16,368.3 1 1
github.com/el-bulk/backend/handlers/orders.go:370.2,370.36 1 1
github.com/el-bulk/backend/handlers/orders.go:370.36,373.3 2 0
github.com/el-bulk/backend/handlers/orders.go:375.2,375.19 1 1
github.com/el-bulk/backend/handlers/orders.go:379.73,383.63 3 1
github.com/el-bulk/backend/handlers/orders.go:383.63,386.3 2 0
github.com/el-bulk/backend/handlers/orders.go:389.2,390.23 2 1
github.com/el-bulk/backend/handlers/orders.go:390.23,392.3 1 1
github.com/el-bulk/backend/handlers/orders.go:393.2,394.16 2 1
github.com/el-bulk/backend/handlers/orders.go:394.16,397.3 2 0
github.com/el-bulk/backend/handlers/orders.go:400.2,400.95 1 1
github.com/el-bulk/backend/handlers/orders.go:400.95,406.45 5 1
github.com/el-bulk/backend/handlers/orders.go:406.45,408.4 1 1
github.com/el-bulk/backend/handlers/orders.go:408.9,408.64 1 1
github.com/el-bulk/backend/handlers/orders.go:408.64,411.4 2 0
github.com/el-bulk/backend/handlers/orders.go:412.3,413.9 2 1
github.com/el-bulk/backend/handlers/orders.go:416.2,416.19 1 1
github.com/el-bulk/backend/handlers/orders.go:420.71,422.25 2 0
github.com/el-bulk/backend/handlers/orders.go:422.25,425.3 2 0
github.com/el-bulk/backend/handlers/orders.go:427.2,439.16 3 0
github.com/el-bulk/backend/handlers/orders.go:439.16,443.3 3 0
github.com/el-bulk/backend/handlers/orders.go:444.2,444.19 1 0
github.com/el-bulk/backend/handlers/orders.go:444.19,449.3 1 0
github.com/el-bulk/backend/handlers/orders.go:451.2,451.27 1 0
github.com/el-bulk/backend/handlers/orders.go:455.76,457.25 2 0
github.com/el-bulk/backend/handlers/orders.go:457.25,460.3 2 0
github.com/el-bulk/backend/handlers/orders.go:462.2,466.113 3 0
github.com/el-bulk/backend/handlers/orders.go:466.113,467.50 1 0
github.com/el-bulk/backend/handlers/orders.go:467.50,469.4 1 0
github.com/el-bulk/backend/handlers/orders.go:469.9,472.4 2 0
github.com/el-bulk/backend/handlers/orders.go:473.3,473.9 1 0
github.com/el-bulk/backend/handlers/orders.go:477.2,478.102 2 0
github.com/el-bulk/backend/handlers/orders.go:478.102,481.3 2 0
github.com/el-bulk/backend/handlers/orders.go:484.2,495.131 5 0
github.com/el-bulk/backend/handlers/orders.go:495.131,499.3 3 0
github.com/el-bulk/backend/handlers/orders.go:502.2,503.25 2 0
github.com/el-bulk/backend/handlers/orders.go:503.25,511.28 2 0
github.com/el-bulk/backend/handlers/orders.go:511.28,513.4 1 0
github.com/el-bulk/backend/handlers/orders.go:516.2,520.4 1 0
github.com/el-bulk/backend/handlers/products.go:26.53,28.2 1 1
github.com/el-bulk/backend/handlers/products.go:30.68,32.16 2 1
github.com/el-bulk/backend/handlers/products.go:32.16,34.3 1 0
github.com/el-bulk/backend/handlers/products.go:35.2,35.26 1 1
github.com/el-bulk/backend/handlers/products.go:35.26,37.3 1 1
github.com/el-bulk/backend/handlers/products.go:40.69,41.24 1 1
github.com/el-bulk/backend/handlers/products.go:41.24,43.3 1 0
github.com/el-bulk/backend/handlers/products.go:44.2,45.29 2 1
github.com/el-bulk/backend/handlers/products.go:45.29,47.3 1 1
github.com/el-bulk/backend/handlers/products.go:49.2,55.16 2 1
github.com/el-bulk/backend/handlers/products.go:55.16,57.3 1 0
github.com/el-bulk/backend/handlers/products.go:59.2,66.66 3 1
github.com/el-bulk/backend/handlers/products.go:66.66,68.3 1 1
github.com/el-bulk/backend/handlers/products.go:70.2,71.32 2 1
github.com/el-bulk/backend/handlers/products.go:71.32,77.3 1 1
github.com/el-bulk/backend/handlers/products.go:79.2,79.26 1 1
github.com/el-bulk/backend/handlers/products.go:79.26,80.49 1 1
github.com/el-bulk/backend/handlers/products.go:80.49,82.4 1 1
github.com/el-bulk/backend/handlers/products.go:82.9,84.4 1 0
github.com/el-bulk/backend/handlers/products.go:88.72,89.24 1 1
github.com/el-bulk/backend/handlers/products.go:89.24,91.3 1 0
github.com/el-bulk/backend/handlers/products.go:92.2,93.29 2 1
github.com/el-bulk/backend/handlers/products.go:93.29,95.3 1 1
github.com/el-bulk/backend/handlers/products.go:97.2,104.16 2 1
github.com/el-bulk/backend/handlers/products.go:104.16,106.3 1 0
github.com/el-bulk/backend/handlers/products.go:108.2,113.64 3 1
github.com/el-bulk/backend/handlers/products.go:113.64,115.3 1 1
github.com/el-bulk/backend/handlers/products.go:117.2,118.30 2 0
github.com/el-bulk/backend/handlers/products.go:118.30,120.3 1 0
github.com/el-bulk/backend/handlers/products.go:122.2,122.26 1 0
github.com/el-bulk/backend/handlers/products.go:122.26,124.3 1 0
github.com/el-bulk/backend/handlers/products.go:127.88,129.16 2 1
github.com/el-bulk/backend/handlers/products.go:129.16,131.3 1 0
github.com/el-bulk/backend/handlers/products.go:132.2,132.34 1 1
github.com/el-bulk/backend/handlers/products.go:132.34,134.17 2 0
github.com/el-bulk/backend/handlers/products.go:134.17,136.4 1 0
github.com/el-bulk/backend/handlers/products.go:140.83,142.16 2 0
github.com/el-bulk/backend/handlers/products.go:142.16,144.3 1 0
github.com/el-bulk/backend/handlers/products.go:146.2,146.21 1 0
github.com/el-bulk/backend/handlers/products.go:146.21,148.3 1 0
github.com/el-bulk/backend/handlers/products.go:150.2,154.26 4 0
github.com/el-bulk/backend/handlers/products.go:154.26,157.3 2 0
github.com/el-bulk/backend/handlers/products.go:159.2,161.16 3 0
github.com/el-bulk/backend/handlers/products.go:161.16,163.3 1 0
github.com/el-bulk/backend/handlers/products.go:166.95,168.16 2 1
github.com/el-bulk/backend/handlers/products.go:168.16,170.3 1 0
github.com/el-bulk/backend/handlers/products.go:172.2,173.29 2 1
github.com/el-bulk/backend/handlers/products.go:173.29,174.24 1 0
github.com/el-bulk/backend/handlers/products.go:174.24,176.4 1 0
github.com/el-bulk/backend/handlers/products.go:179.2,179.26 1 1
github.com/el-bulk/backend/handlers/products.go:179.26,181.3 1 1
github.com/el-bulk/backend/handlers/products.go:183.2,187.34 4 0
github.com/el-bulk/backend/handlers/products.go:187.34,190.3 2 0
github.com/el-bulk/backend/handlers/products.go:192.2,194.16 3 0
github.com/el-bulk/backend/handlers/products.go:194.16,196.3 1 0
github.com/el-bulk/backend/handlers/products.go:199.86,200.24 1 1
github.com/el-bulk/backend/handlers/products.go:200.24,202.3 1 0
github.com/el-bulk/backend/handlers/products.go:203.2,204.29 2 1
github.com/el-bulk/backend/handlers/products.go:204.29,206.3 1 1
github.com/el-bulk/backend/handlers/products.go:208.2,214.14 2 1
github.com/el-bulk/backend/handlers/products.go:214.14,216.3 1 1
github.com/el-bulk/backend/handlers/products.go:217.2,220.16 3 1
github.com/el-bulk/backend/handlers/products.go:220.16,223.3 2 0
github.com/el-bulk/backend/handlers/products.go:225.2,238.62 3 1
github.com/el-bulk/backend/handlers/products.go:238.62,241.3 2 1
github.com/el-bulk/backend/handlers/products.go:243.2,244.28 2 1
github.com/el-bulk/backend/handlers/products.go:244.28,256.3 1 1
github.com/el-bulk/backend/handlers/products.go:258.2,258.26 1 1
github.com/el-bulk/backend/handlers/products.go:258.26,259.45 1 1
github.com/el-bulk/backend/handlers/products.go:259.45,261.4 1 1
github.com/el-bulk/backend/handlers/products.go:261.9,263.4 1 0
github.com/el-bulk/backend/handlers/products.go:267.71,287.23 19 1
github.com/el-bulk/backend/handlers/products.go:287.23,289.3 1 1
github.com/el-bulk/backend/handlers/products.go:291.2,293.13 3 1
github.com/el-bulk/backend/handlers/products.go:293.13,295.3 1 0
github.com/el-bulk/backend/handlers/products.go:296.2,301.25 4 1
github.com/el-bulk/backend/handlers/products.go:301.25,303.3 1 1
github.com/el-bulk/backend/handlers/products.go:305.2,306.91 2 1
github.com/el-bulk/backend/handlers/products.go:306.91,310.3 3 0
github.com/el-bulk/backend/handlers/products.go:312.2,327.67 7 1
github.com/el-bulk/backend/handlers/products.go:327.67,331.3 3 0
github.com/el-bulk/backend/handlers/products.go:333.2,334.25 2 1
github.com/el-bulk/backend/handlers/products.go:334.25,336.28 2 1
github.com/el-bulk/backend/handlers/products.go:336.28,338.4 1 1
github.com/el-bulk/backend/handlers/products.go:339.3,339.30 1 1
github.com/el-bulk/backend/handlers/products.go:339.30,341.16 2 1
github.com/el-bulk/backend/handlers/products.go:341.16,343.46 2 1
github.com/el-bulk/backend/handlers/products.go:343.46,344.21 1 0
github.com/el-bulk/backend/handlers/products.go:344.21,346.7 1 0
github.com/el-bulk/backend/handlers/products.go:348.5,348.38 1 1
github.com/el-bulk/backend/handlers/products.go:351.3,351.29 1 1
github.com/el-bulk/backend/handlers/products.go:351.29,353.4 1 0
github.com/el-bulk/backend/handlers/products.go:356.2,368.4 5 1
github.com/el-bulk/backend/handlers/products.go:371.74,375.14 3 1
github.com/el-bulk/backend/handlers/products.go:375.14,378.28 3 1
github.com/el-bulk/backend/handlers/products.go:378.28,381.4 2 1
github.com/el-bulk/backend/handlers/products.go:384.2,386.16 3 1
github.com/el-bulk/backend/handlers/products.go:386.16,390.3 3 0
github.com/el-bulk/backend/handlers/products.go:392.2,393.61 2 1
github.com/el-bulk/backend/handlers/products.go:393.61,397.3 3 0
github.com/el-bulk/backend/handlers/products.go:399.2,401.28 3 1
github.com/el-bulk/backend/handlers/products.go:404.75,408.16 4 1
github.com/el-bulk/backend/handlers/products.go:408.16,410.3 1 1
github.com/el-bulk/backend/handlers/products.go:412.2,413.16 2 1
github.com/el-bulk/backend/handlers/products.go:413.16,417.3 3 1
github.com/el-bulk/backend/handlers/products.go:418.2,418.17 1 1
github.com/el-bulk/backend/handlers/products.go:418.17,420.3 1 0
github.com/el-bulk/backend/handlers/products.go:421.2,421.57 1 1
github.com/el-bulk/backend/handlers/products.go:424.73,426.63 2 1
github.com/el-bulk/backend/handlers/products.go:426.63,429.3 2 0
github.com/el-bulk/backend/handlers/products.go:431.2,431.65 1 1
github.com/el-bulk/backend/handlers/products.go:431.65,434.3 2 0
github.com/el-bulk/backend/handlers/products.go:436.2,436.31 1 1
github.com/el-bulk/backend/handlers/products.go:436.31,438.3 1 1
github.com/el-bulk/backend/handlers/products.go:439.2,439.31 1 1
github.com/el-bulk/backend/handlers/products.go:439.31,441.3 1 1
github.com/el-bulk/backend/handlers/products.go:442.2,442.29 1 1
github.com/el-bulk/backend/handlers/products.go:442.29,444.3 1 1
github.com/el-bulk/backend/handlers/products.go:446.2,464.16 3 1
github.com/el-bulk/backend/handlers/products.go:464.16,467.3 2 0
github.com/el-bulk/backend/handlers/products.go:469.2,471.42 3 1
github.com/el-bulk/backend/handlers/products.go:471.42,474.3 2 0
github.com/el-bulk/backend/handlers/products.go:476.2,481.32 6 1
github.com/el-bulk/backend/handlers/products.go:484.73,487.63 3 1
github.com/el-bulk/backend/handlers/products.go:487.63,490.3 2 0
github.com/el-bulk/backend/handlers/products.go:492.2,492.29 1 1
github.com/el-bulk/backend/handlers/products.go:492.29,494.3 1 1
github.com/el-bulk/backend/handlers/products.go:496.2,516.16 3 1
github.com/el-bulk/backend/handlers/products.go:516.16,520.3 3 0
github.com/el-bulk/backend/handlers/products.go:522.2,524.42 3 1
github.com/el-bulk/backend/handlers/products.go:524.42,527.3 2 0
github.com/el-bulk/backend/handlers/products.go:529.2,533.32 5 1
github.com/el-bulk/backend/handlers/products.go:536.73,539.16 3 1
github.com/el-bulk/backend/handlers/products.go:539.16,542.3 2 1
github.com/el-bulk/backend/handlers/products.go:543.2,544.15 2 1
github.com/el-bulk/backend/handlers/products.go:544.15,547.3 2 0
github.com/el-bulk/backend/handlers/products.go:548.2,548.68 1 1
github.com/el-bulk/backend/handlers/products.go:551.77,553.64 2 1
github.com/el-bulk/backend/handlers/products.go:553.64,556.3 2 0
github.com/el-bulk/backend/handlers/products.go:557.2,557.22 1 1
github.com/el-bulk/backend/handlers/products.go:557.22,560.3 2 0
github.com/el-bulk/backend/handlers/products.go:562.2,563.16 2 1
github.com/el-bulk/backend/handlers/products.go:563.16,566.3 2 0
github.com/el-bulk/backend/handlers/products.go:568.2,572.16 3 1
github.com/el-bulk/backend/handlers/products.go:572.16,576.3 3 1
github.com/el-bulk/backend/handlers/products.go:578.2,581.4 1 1
github.com/el-bulk/backend/handlers/products.go:584.77,593.16 4 1
github.com/el-bulk/backend/handlers/products.go:593.16,596.3 2 0
github.com/el-bulk/backend/handlers/products.go:597.2,597.18 1 1
github.com/el-bulk/backend/handlers/products.go:597.18,599.3 1 0
github.com/el-bulk/backend/handlers/products.go:600.2,600.26 1 1
github.com/el-bulk/backend/handlers/products.go:603.80,606.65 3 1
github.com/el-bulk/backend/handlers/products.go:606.65,609.3 2 0
github.com/el-bulk/backend/handlers/products.go:611.2,612.16 2 1
github.com/el-bulk/backend/handlers/products.go:612.16,615.3 2 1
github.com/el-bulk/backend/handlers/products.go:617.2,618.16 2 1
github.com/el-bulk/backend/handlers/products.go:618.16,622.3 3 1
github.com/el-bulk/backend/handlers/products.go:624.2,625.28 2 1
github.com/el-bulk/backend/handlers/products.go:625.28,626.21 1 1
github.com/el-bulk/backend/handlers/products.go:626.21,628.4 1 1
github.com/el-bulk/backend/handlers/products.go:631.2,631.27 1 1
github.com/el-bulk/backend/handlers/products.go:631.27,636.34 4 1
github.com/el-bulk/backend/handlers/products.go:636.34,639.4 2 1
github.com/el-bulk/backend/handlers/products.go:641.3,643.17 3 1
github.com/el-bulk/backend/handlers/products.go:643.17,647.4 3 0
github.com/el-bulk/backend/handlers/products.go:650.2,650.36 1 1
github.com/el-bulk/backend/handlers/products.go:650.36,653.3 2 0
github.com/el-bulk/backend/handlers/products.go:654.2,654.20 1 1
github.com/el-bulk/backend/handlers/products.go:657.213,662.16 3 1
github.com/el-bulk/backend/handlers/products.go:662.16,665.3 2 1
github.com/el-bulk/backend/handlers/products.go:667.2,668.56 2 1
github.com/el-bulk/backend/handlers/products.go:668.56,671.3 2 0
github.com/el-bulk/backend/handlers/products.go:672.2,672.15 1 1
github.com/el-bulk/backend/handlers/products.go:675.91,677.39 2 1
github.com/el-bulk/backend/handlers/products.go:677.39,679.3 1 0
github.com/el-bulk/backend/handlers/products.go:680.2,680.18 1 1
github.com/el-bulk/backend/handlers/products.go:680.18,681.19 1 1
github.com/el-bulk/backend/handlers/products.go:681.19,683.4 1 1
github.com/el-bulk/backend/handlers/products.go:684.3,684.29 1 1
github.com/el-bulk/backend/handlers/products.go:687.2,688.33 2 0
github.com/el-bulk/backend/handlers/products.go:689.14,690.17 1 0
github.com/el-bulk/backend/handlers/products.go:691.13,692.16 1 0
github.com/el-bulk/backend/handlers/products.go:693.18,694.21 1 0
github.com/el-bulk/backend/handlers/products.go:695.18,696.35 1 0
github.com/el-bulk/backend/handlers/products.go:697.19,698.36 1 0
github.com/el-bulk/backend/handlers/products.go:699.15,700.18 1 0
github.com/el-bulk/backend/handlers/products.go:701.13,702.29 1 0
github.com/el-bulk/backend/handlers/products.go:703.16,711.15 1 0
github.com/el-bulk/backend/handlers/products.go:712.15,714.17 2 0
github.com/el-bulk/backend/handlers/products.go:714.17,716.4 1 0
github.com/el-bulk/backend/handlers/products.go:717.3,724.31 3 0
github.com/el-bulk/backend/handlers/products.go:725.20,726.23 1 0
github.com/el-bulk/backend/handlers/products.go:727.20,728.23 1 0
github.com/el-bulk/backend/handlers/products.go:729.10,730.19 1 0
github.com/el-bulk/backend/handlers/products.go:730.19,732.4 1 0
github.com/el-bulk/backend/handlers/products.go:733.3,733.29 1 0
github.com/el-bulk/backend/handlers/products.go:735.2,735.48 1 0
github.com/el-bulk/backend/handlers/products.go:738.236,745.14 5 1
github.com/el-bulk/backend/handlers/products.go:745.14,748.3 2 1
github.com/el-bulk/backend/handlers/products.go:750.2,750.21 1 1
github.com/el-bulk/backend/handlers/products.go:750.21,756.3 5 1
github.com/el-bulk/backend/handlers/products.go:758.2,758.15 1 1
github.com/el-bulk/backend/handlers/products.go:758.15,762.3 3 1
github.com/el-bulk/backend/handlers/products.go:763.2,763.20 1 1
github.com/el-bulk/backend/handlers/products.go:763.20,767.3 3 1
github.com/el-bulk/backend/handlers/products.go:769.2,769.13 1 1
github.com/el-bulk/backend/handlers/products.go:769.13,771.3 1 0
github.com/el-bulk/backend/handlers/products.go:772.2,772.18 1 1
github.com/el-bulk/backend/handlers/products.go:772.18,774.36 2 1
github.com/el-bulk/backend/handlers/products.go:774.36,776.27 2 1
github.com/el-bulk/backend/handlers/products.go:776.27,778.5 1 1
github.com/el-bulk/backend/handlers/products.go:779.4,787.272 9 1
github.com/el-bulk/backend/handlers/products.go:791.2,792.43 2 1
github.com/el-bulk/backend/handlers/products.go:792.43,794.3 1 0
github.com/el-bulk/backend/handlers/products.go:796.2,796.16 1 1
github.com/el-bulk/backend/handlers/products.go:796.16,799.26 3 1
github.com/el-bulk/backend/handlers/products.go:799.26,803.4 3 1
github.com/el-bulk/backend/handlers/products.go:804.3,804.68 1 1
github.com/el-bulk/backend/handlers/products.go:806.2,806.21 1 1
github.com/el-bulk/backend/handlers/products.go:806.21,809.26 3 1
github.com/el-bulk/backend/handlers/products.go:809.26,813.14 4 1
github.com/el-bulk/backend/handlers/products.go:814.20,815.49 1 0
github.com/el-bulk/backend/handlers/products.go:816.20,817.49 1 0
github.com/el-bulk/backend/handlers/products.go:819.4,820.43 2 1
github.com/el-bulk/backend/handlers/products.go:822.3,822.68 1 1
github.com/el-bulk/backend/handlers/products.go:824.2,824.21 1 1
github.com/el-bulk/backend/handlers/products.go:824.21,827.26 3 1
github.com/el-bulk/backend/handlers/products.go:827.26,831.4 3 1
github.com/el-bulk/backend/handlers/products.go:832.3,832.68 1 1
github.com/el-bulk/backend/handlers/products.go:834.2,834.22 1 1
github.com/el-bulk/backend/handlers/products.go:834.22,837.26 3 1
github.com/el-bulk/backend/handlers/products.go:837.26,841.4 3 1
github.com/el-bulk/backend/handlers/products.go:842.3,842.68 1 1
github.com/el-bulk/backend/handlers/products.go:844.2,844.18 1 1
github.com/el-bulk/backend/handlers/products.go:844.18,847.26 3 1
github.com/el-bulk/backend/handlers/products.go:847.26,851.4 3 1
github.com/el-bulk/backend/handlers/products.go:852.3,852.68 1 1
github.com/el-bulk/backend/handlers/products.go:854.2,854.20 1 1
github.com/el-bulk/backend/handlers/products.go:854.20,857.26 3 1
github.com/el-bulk/backend/handlers/products.go:857.26,861.4 3 1
github.com/el-bulk/backend/handlers/products.go:862.3,862.68 1 1
github.com/el-bulk/backend/handlers/products.go:864.2,864.17 1 1
github.com/el-bulk/backend/handlers/products.go:864.17,867.26 3 1
github.com/el-bulk/backend/handlers/products.go:867.26,871.4 3 1
github.com/el-bulk/backend/handlers/products.go:872.3,872.68 1 1
github.com/el-bulk/backend/handlers/products.go:874.2,874.19 1 1
github.com/el-bulk/backend/handlers/products.go:874.19,877.26 3 0
github.com/el-bulk/backend/handlers/products.go:877.26,881.4 3 0
github.com/el-bulk/backend/handlers/products.go:882.3,882.68 1 0
github.com/el-bulk/backend/handlers/products.go:885.2,886.23 2 1
github.com/el-bulk/backend/handlers/products.go:886.23,888.3 1 1
github.com/el-bulk/backend/handlers/products.go:890.2,890.57 1 1
github.com/el-bulk/backend/handlers/refresh.go:19.53,21.2 1 1
github.com/el-bulk/backend/handlers/refresh.go:37.59,43.17 2 1
github.com/el-bulk/backend/handlers/refresh.go:43.17,46.3 2 1
github.com/el-bulk/backend/handlers/refresh.go:48.2,48.20 1 1
github.com/el-bulk/backend/handlers/refresh.go:48.20,51.3 2 1
github.com/el-bulk/backend/handlers/refresh.go:54.2,55.25 2 1
github.com/el-bulk/backend/handlers/refresh.go:55.25,56.21 1 1
github.com/el-bulk/backend/handlers/refresh.go:56.21,58.4 1 1
github.com/el-bulk/backend/handlers/refresh.go:61.2,62.22 2 1
github.com/el-bulk/backend/handlers/refresh.go:62.22,65.17 3 1
github.com/el-bulk/backend/handlers/refresh.go:65.17,68.4 2 1
github.com/el-bulk/backend/handlers/refresh.go:71.2,71.28 1 1
github.com/el-bulk/backend/handlers/refresh.go:71.28,73.23 2 1
github.com/el-bulk/backend/handlers/refresh.go:73.23,75.4 1 1
github.com/el-bulk/backend/handlers/refresh.go:76.3,81.10 4 1
github.com/el-bulk/backend/handlers/refresh.go:81.10,83.4 1 0
github.com/el-bulk/backend/handlers/refresh.go:84.3,84.10 1 1
github.com/el-bulk/backend/handlers/refresh.go:84.10,87.12 3 0
github.com/el-bulk/backend/handlers/refresh.go:90.3,91.24 2 1
github.com/el-bulk/backend/handlers/refresh.go:92.20,94.34 1 1
github.com/el-bulk/backend/handlers/refresh.go:95.21,97.35 1 0
github.com/el-bulk/backend/handlers/refresh.go:100.3,100.22 1 1
github.com/el-bulk/backend/handlers/refresh.go:100.22,103.12 3 0
github.com/el-bulk/backend/handlers/refresh.go:106.3,106.106 1 1
github.com/el-bulk/backend/handlers/refresh.go:106.106,109.12 3 0
github.com/el-bulk/backend/handlers/refresh.go:111.3,111.12 1 1
github.com/el-bulk/backend/handlers/refresh.go:114.2,115.22 2 1
github.com/el-bulk/backend/handlers/refresh.go:119.74,122.2 2 1
github.com/el-bulk/backend/handlers/refresh.go:126.42,127.12 1 0
github.com/el-bulk/backend/handlers/refresh.go:127.12,128.7 1 0
github.com/el-bulk/backend/handlers/refresh.go:128.7,139.4 8 0
github.com/el-bulk/backend/handlers/settings.go:31.55,33.2 1 1
github.com/el-bulk/backend/handlers/settings.go:36.57,38.43 2 1
github.com/el-bulk/backend/handlers/settings.go:38.43,42.3 3 1
github.com/el-bulk/backend/handlers/settings.go:43.2,55.15 3 1
github.com/el-bulk/backend/handlers/settings.go:55.15,58.3 2 0
github.com/el-bulk/backend/handlers/settings.go:60.2,61.16 2 1
github.com/el-bulk/backend/handlers/settings.go:61.16,64.3 2 1
github.com/el-bulk/backend/handlers/settings.go:65.2,66.18 2 1
github.com/el-bulk/backend/handlers/settings.go:66.18,68.47 2 1
github.com/el-bulk/backend/handlers/settings.go:68.47,69.12 1 0
github.com/el-bulk/backend/handlers/settings.go:71.3,71.14 1 1
github.com/el-bulk/backend/handlers/settings.go:72.26,73.57 1 1
github.com/el-bulk/backend/handlers/settings.go:73.57,75.5 1 1
github.com/el-bulk/backend/handlers/settings.go:76.26,77.57 1 1
github.com/el-bulk/backend/handlers/settings.go:77.57,79.5 1 1
github.com/el-bulk/backend/handlers/settings.go:80.26,81.26 1 0
github.com/el-bulk/backend/handlers/settings.go:82.24,83.24 1 0
github.com/el-bulk/backend/handlers/settings.go:84.24,85.24 1 1
github.com/el-bulk/backend/handlers/settings.go:86.28,87.28 1 0
github.com/el-bulk/backend/handlers/settings.go:88.24,89.24 1 0
github.com/el-bulk/backend/handlers/settings.go:90.24,91.23 1 0
github.com/el-bulk/backend/handlers/settings.go:92.27,93.26 1 0
github.com/el-bulk/backend/handlers/settings.go:97.2,102.22 5 1
github.com/el-bulk/backend/handlers/settings.go:106.71,108.16 2 1
github.com/el-bulk/backend/handlers/settings.go:108.16,112.3 3 0
github.com/el-bulk/backend/handlers/settings.go:113.2,113.22 1 1
github.com/el-bulk/backend/handlers/settings.go:119.74,129.63 2 1
github.com/el-bulk/backend/handlers/settings.go:129.63,132.3 2 1
github.com/el-bulk/backend/handlers/settings.go:134.2,134.40 1 1
github.com/el-bulk/backend/handlers/settings.go:134.40,137.3 2 1
github.com/el-bulk/backend/handlers/settings.go:139.2,139.31 1 1
github.com/el-bulk/backend/handlers/settings.go:139.31,140.105 1 1
github.com/el-bulk/backend/handlers/settings.go:140.105,143.4 2 1
github.com/el-bulk/backend/handlers/settings.go:145.2,145.31 1 1
github.com/el-bulk/backend/handlers/settings.go:145.31,146.105 1 1
github.com/el-bulk/backend/handlers/settings.go:146.105,149.4 2 0
github.com/el-bulk/backend/handlers/settings.go:151.2,151.33 1 1
github.com/el-bulk/backend/handlers/settings.go:151.33,152.74 1 1
github.com/el-bulk/backend/handlers/settings.go:152.74,155.4 2 0
github.com/el-bulk/backend/handlers/settings.go:157.2,157.31 1 1
github.com/el-bulk/backend/handlers/settings.go:157.31,158.70 1 1
github.com/el-bulk/backend/handlers/settings.go:158.70,161.4 2 0
github.com/el-bulk/backend/handlers/settings.go:163.2,163.31 1 1
github.com/el-bulk/backend/handlers/settings.go:163.31,164.70 1 1
github.com/el-bulk/backend/handlers/settings.go:164.70,167.4 2 0
github.com/el-bulk/backend/handlers/settings.go:169.2,169.35 1 1
github.com/el-bulk/backend/handlers/settings.go:169.35,170.78 1 1
github.com/el-bulk/backend/handlers/settings.go:170.78,173.4 2 0
github.com/el-bulk/backend/handlers/settings.go:175.2,175.31 1 1
github.com/el-bulk/backend/handlers/settings.go:175.31,176.70 1 1
github.com/el-bulk/backend/handlers/settings.go:176.70,179.4 2 0
github.com/el-bulk/backend/handlers/settings.go:183.2,188.22 5 1
github.com/el-bulk/backend/handlers/settings.go:192.27,196.2 3 1
github.com/el-bulk/backend/handlers/storage.go:18.53,20.2 1 1
github.com/el-bulk/backend/handlers/storage.go:23.71,35.16 3 1
github.com/el-bulk/backend/handlers/storage.go:35.16,38.3 2 1
github.com/el-bulk/backend/handlers/storage.go:39.2,39.22 1 1
github.com/el-bulk/backend/handlers/storage.go:39.22,41.3 1 0
github.com/el-bulk/backend/handlers/storage.go:42.2,42.30 1 1
github.com/el-bulk/backend/handlers/storage.go:46.73,48.63 2 1
github.com/el-bulk/backend/handlers/storage.go:48.63,51.3 2 0
github.com/el-bulk/backend/handlers/storage.go:52.2,52.22 1 1
github.com/el-bulk/backend/handlers/storage.go:52.22,55.3 2 0
github.com/el-bulk/backend/handlers/storage.go:57.2,58.16 2 1
github.com/el-bulk/backend/handlers/storage.go:58.16,61.3 2 1
github.com/el-bulk/backend/handlers/storage.go:62.2,62.26 1 1
github.com/el-bulk/backend/handlers/storage.go:66.73,69.83 3 1
github.com/el-bulk/backend/handlers/storage.go:69.83,72.3 2 0
github.com/el-bulk/backend/handlers/storage.go:74.2,75.16 2 1
github.com/el-bulk/backend/handlers/storage.go:75.16,78.3 2 1
github.com/el-bulk/backend/handlers/storage.go:79.2,80.26 2 1
github.com/el-bulk/backend/handlers/storage.go:84.73,87.16 3 1
github.com/el-bulk/backend/handlers/storage.go:87.16,90.3 2 1
github.com/el-bulk/backend/handlers/storage.go:91.2,91.73 1 1
github.com/el-bulk/backend/handlers/tcg.go:21.45,23.2 1 1
github.com/el-bulk/backend/handlers/tcg.go:26.67,35.16 3 1
github.com/el-bulk/backend/handlers/tcg.go:35.16,39.3 3 1
github.com/el-bulk/backend/handlers/tcg.go:40.2,40.17 1 1
github.com/el-bulk/backend/handlers/tcg.go:40.17,42.3 1 0
github.com/el-bulk/backend/handlers/tcg.go:43.2,43.25 1 1
github.com/el-bulk/backend/handlers/tcg.go:47.69,49.63 2 1
github.com/el-bulk/backend/handlers/tcg.go:49.63,52.3 2 1
github.com/el-bulk/backend/handlers/tcg.go:54.2,54.40 1 1
github.com/el-bulk/backend/handlers/tcg.go:54.40,57.3 2 1
github.com/el-bulk/backend/handlers/tcg.go:59.2,66.16 3 1
github.com/el-bulk/backend/handlers/tcg.go:66.16,70.3 3 1
github.com/el-bulk/backend/handlers/tcg.go:72.2,72.24 1 1
github.com/el-bulk/backend/handlers/tcg.go:76.69,79.63 3 1
github.com/el-bulk/backend/handlers/tcg.go:79.63,82.3 2 0
github.com/el-bulk/backend/handlers/tcg.go:84.2,92.16 3 1
github.com/el-bulk/backend/handlers/tcg.go:92.16,96.3 3 1
github.com/el-bulk/backend/handlers/tcg.go:98.2,98.24 1 1
github.com/el-bulk/backend/handlers/tcg.go:102.69,106.14 3 1
github.com/el-bulk/backend/handlers/tcg.go:106.14,109.3 2 0
github.com/el-bulk/backend/handlers/tcg.go:112.2,115.16 4 1
github.com/el-bulk/backend/handlers/tcg.go:115.16,118.3 2 1
github.com/el-bulk/backend/handlers/tcg.go:120.2,120.22 1 1
github.com/el-bulk/backend/handlers/tcg.go:120.22,123.3 2 1
github.com/el-bulk/backend/handlers/tcg.go:125.2,126.16 2 1
github.com/el-bulk/backend/handlers/tcg.go:126.16,130.3 3 1
github.com/el-bulk/backend/handlers/tcg.go:132.2,133.15 2 1
github.com/el-bulk/backend/handlers/tcg.go:133.15,136.3 2 1
github.com/el-bulk/backend/handlers/tcg.go:138.2,138.77 1 1
github.com/el-bulk/backend/handlers/tcg.go:142.71,144.16 2 0
github.com/el-bulk/backend/handlers/tcg.go:144.16,148.3 3 0
github.com/el-bulk/backend/handlers/tcg.go:150.2,151.16 2 0
github.com/el-bulk/backend/handlers/tcg.go:151.16,154.3 2 0
github.com/el-bulk/backend/handlers/tcg.go:155.2,157.25 2 0
github.com/el-bulk/backend/handlers/tcg.go:157.25,166.17 2 0
github.com/el-bulk/backend/handlers/tcg.go:166.17,168.12 2 0
github.com/el-bulk/backend/handlers/tcg.go:172.2,174.36 2 0
github.com/el-bulk/backend/handlers/tcg.go:174.36,177.3 2 0
github.com/el-bulk/backend/handlers/tcg.go:179.2,182.4 1 0
github.com/el-bulk/backend/handlers/themes.go:17.49,19.2 1 0
github.com/el-bulk/backend/handlers/themes.go:23.69,25.102 2 0
github.com/el-bulk/backend/handlers/themes.go:25.102,28.3 2 0
github.com/el-bulk/backend/handlers/themes.go:29.2,29.27 1 0
github.com/el-bulk/backend/handlers/themes.go:34.71,36.63 2 0
github.com/el-bulk/backend/handlers/themes.go:36.63,39.3 2 0
github.com/el-bulk/backend/handlers/themes.go:41.2,59.16 4 0
github.com/el-bulk/backend/handlers/themes.go:59.16,62.3 2 0
github.com/el-bulk/backend/handlers/themes.go:64.2,64.26 1 0
github.com/el-bulk/backend/handlers/themes.go:69.71,72.63 3 0
github.com/el-bulk/backend/handlers/themes.go:72.63,75.3 2 0
github.com/el-bulk/backend/handlers/themes.go:77.2,99.16 4 0
github.com/el-bulk/backend/handlers/themes.go:99.16,102.3 2 0
github.com/el-bulk/backend/handlers/themes.go:104.2,104.26 1 0
github.com/el-bulk/backend/handlers/themes.go:109.71,115.16 4 0
github.com/el-bulk/backend/handlers/themes.go:115.16,118.3 2 0
github.com/el-bulk/backend/handlers/themes.go:119.2,119.14 1 0
github.com/el-bulk/backend/handlers/themes.go:119.14,122.3 2 0
github.com/el-bulk/backend/handlers/themes.go:124.2,125.16 2 0
github.com/el-bulk/backend/handlers/themes.go:125.16,128.3 2 0
github.com/el-bulk/backend/handlers/themes.go:130.2,130.66 1 0
github.com/el-bulk/backend/handlers/translation.go:16.61,18.2 1 0
github.com/el-bulk/backend/handlers/translation.go:21.75,23.18 2 0
github.com/el-bulk/backend/handlers/translation.go:23.18,25.17 2 0
github.com/el-bulk/backend/handlers/translation.go:25.17,28.4 2 0
github.com/el-bulk/backend/handlers/translation.go:29.3,30.9 2 0
github.com/el-bulk/backend/handlers/translation.go:33.2,34.16 2 0
github.com/el-bulk/backend/handlers/translation.go:34.16,37.3 2 0
github.com/el-bulk/backend/handlers/translation.go:38.2,38.41 1 0
github.com/el-bulk/backend/handlers/translation.go:42.80,44.16 2 0
github.com/el-bulk/backend/handlers/translation.go:44.16,47.3 2 0
github.com/el-bulk/backend/handlers/translation.go:48.2,48.41 1 0
github.com/el-bulk/backend/handlers/translation.go:52.77,54.59 2 0
github.com/el-bulk/backend/handlers/translation.go:54.59,57.3 2 0
github.com/el-bulk/backend/handlers/translation.go:60.2,61.15 2 0
github.com/el-bulk/backend/handlers/translation.go:61.15,63.3 1 0
github.com/el-bulk/backend/handlers/translation.go:65.2,65.52 1 0
github.com/el-bulk/backend/handlers/translation.go:65.52,68.3 2 0
github.com/el-bulk/backend/handlers/translation.go:70.2,70.58 1 0
github.com/el-bulk/backend/handlers/translation.go:70.58,73.3 2 0
github.com/el-bulk/backend/handlers/translation.go:75.2,76.67 2 0
github.com/el-bulk/backend/handlers/translation.go:80.77,84.31 3 0
github.com/el-bulk/backend/handlers/translation.go:84.31,87.3 2 0
github.com/el-bulk/backend/handlers/translation.go:89.2,89.68 1 0
github.com/el-bulk/backend/handlers/translation.go:89.68,92.3 2 0
github.com/el-bulk/backend/handlers/translation.go:94.2,94.30 1 0
github.com/el-bulk/backend/handlers/user_auth.go:29.55,31.2 1 0
github.com/el-bulk/backend/handlers/user_auth.go:33.56,34.18 1 0
github.com/el-bulk/backend/handlers/user_auth.go:35.16,45.4 1 0
github.com/el-bulk/backend/handlers/user_auth.go:46.18,53.4 1 0
github.com/el-bulk/backend/handlers/user_auth.go:54.10,55.13 1 0
github.com/el-bulk/backend/handlers/user_auth.go:60.73,63.19 3 0
github.com/el-bulk/backend/handlers/user_auth.go:63.19,66.3 2 0
github.com/el-bulk/backend/handlers/user_auth.go:67.2,69.78 2 0
github.com/el-bulk/backend/handlers/user_auth.go:69.78,71.3 1 0
github.com/el-bulk/backend/handlers/user_auth.go:73.2,75.56 3 0
github.com/el-bulk/backend/handlers/user_auth.go:79.76,82.67 3 0
github.com/el-bulk/backend/handlers/user_auth.go:82.67,85.3 2 0
github.com/el-bulk/backend/handlers/user_auth.go:87.2,88.23 2 0
github.com/el-bulk/backend/handlers/user_auth.go:88.23,90.3 1 0
github.com/el-bulk/backend/handlers/user_auth.go:92.2,94.19 3 0
github.com/el-bulk/backend/handlers/user_auth.go:94.19,97.3 2 0
github.com/el-bulk/backend/handlers/user_auth.go:99.2,100.16 2 0
github.com/el-bulk/backend/handlers/user_auth.go:100.16,104.3 3 0
github.com/el-bulk/backend/handlers/user_auth.go:107.2,110.18 3 0
github.com/el-bulk/backend/handlers/user_auth.go:111.16,113.17 2 0
github.com/el-bulk/backend/handlers/user_auth.go:113.17,117.4 3 0
github.com/el-bulk/backend/handlers/user_auth.go:118.3,127.67 3 0
github.com/el-bulk/backend/handlers/user_auth.go:127.67,131.4 3 0
github.com/el-bulk/backend/handlers/user_auth.go:132.3,136.30 5 0
github.com/el-bulk/backend/handlers/user_auth.go:138.18,140.17 2 0
github.com/el-bulk/backend/handlers/user_auth.go:140.17,144.4 3 0
github.com/el-bulk/backend/handlers/user_auth.go:145.3,158.68 3 0
github.com/el-bulk/backend/handlers/user_auth.go:158.68,162.4 3 0
github.com/el-bulk/backend/handlers/user_auth.go:163.3,167.40 5 0
github.com/el-bulk/backend/handlers/user_auth.go:169.10,171.9 2 0
github.com/el-bulk/backend/handlers/user_auth.go:175.2,179.25 4 0
github.com/el-bulk/backend/handlers/user_auth.go:179.25,182.28 3 0
github.com/el-bulk/backend/handlers/user_auth.go:182.28,186.4 2 0
github.com/el-bulk/backend/handlers/user_auth.go:189.2,189.25 1 0
github.com/el-bulk/backend/handlers/user_auth.go:189.25,191.17 1 0
github.com/el-bulk/backend/handlers/user_auth.go:191.17,192.41 1 0
github.com/el-bulk/backend/handlers/user_auth.go:192.41,196.5 2 0
github.com/el-bulk/backend/handlers/user_auth.go:198.4,199.10 2 0
github.com/el-bulk/backend/handlers/user_auth.go:203.3,204.21 2 0
github.com/el-bulk/backend/handlers/user_auth.go:204.21,208.4 3 0
github.com/el-bulk/backend/handlers/user_auth.go:211.3,212.9 2 0
github.com/el-bulk/backend/handlers/user_auth.go:216.2,218.16 3 0
github.com/el-bulk/backend/handlers/user_auth.go:218.16,221.17 2 0
github.com/el-bulk/backend/handlers/user_auth.go:221.17,223.4 1 0
github.com/el-bulk/backend/handlers/user_auth.go:223.9,228.4 2 0
github.com/el-bulk/backend/handlers/user_auth.go:231.2,231.12 1 0
github.com/el-bulk/backend/handlers/user_auth.go:231.12,234.17 2 0
github.com/el-bulk/backend/handlers/user_auth.go:234.17,245.18 5 0
github.com/el-bulk/backend/handlers/user_auth.go:245.18,249.5 3 0
github.com/el-bulk/backend/handlers/user_auth.go:252.4,253.18 2 0
github.com/el-bulk/backend/handlers/user_auth.go:253.18,257.5 3 0
github.com/el-bulk/backend/handlers/user_auth.go:258.4,258.15 1 0
github.com/el-bulk/backend/handlers/user_auth.go:259.9,262.18 2 0
github.com/el-bulk/backend/handlers/user_auth.go:262.18,264.5 1 0
github.com/el-bulk/backend/handlers/user_auth.go:269.2,278.16 5 0
github.com/el-bulk/backend/handlers/user_auth.go:278.16,282.3 3 0
github.com/el-bulk/backend/handlers/user_auth.go:285.2,297.81 3 0
github.com/el-bulk/backend/handlers/user_auth.go:301.70,303.25 2 0
github.com/el-bulk/backend/handlers/user_auth.go:303.25,306.3 2 0
github.com/el-bulk/backend/handlers/user_auth.go:308.2,310.16 3 0
github.com/el-bulk/backend/handlers/user_auth.go:310.16,313.3 2 0
github.com/el-bulk/backend/handlers/user_auth.go:316.2,318.16 3 0
github.com/el-bulk/backend/handlers/user_auth.go:318.16,320.3 1 0
github.com/el-bulk/backend/handlers/user_auth.go:320.8,322.3 1 0
github.com/el-bulk/backend/handlers/user_auth.go:325.2,329.29 4 0
github.com/el-bulk/backend/handlers/user_auth.go:333.76,335.25 2 0
github.com/el-bulk/backend/handlers/user_auth.go:335.25,338.3 2 0
github.com/el-bulk/backend/handlers/user_auth.go:340.2,345.63 2 0
github.com/el-bulk/backend/handlers/user_auth.go:345.63,348.3 2 0
github.com/el-bulk/backend/handlers/user_auth.go:351.2,360.16 5 0
github.com/el-bulk/backend/handlers/user_auth.go:360.16,364.3 3 0
github.com/el-bulk/backend/handlers/user_auth.go:366.2,366.12 1 0
github.com/el-bulk/backend/handlers/user_auth.go:370.74,382.2 3 0
